  
  Microsoft (R) Program Maintenance Utility Version 14.10.25019.0
  Copyright (C) Microsoft Corporation. Tous droits rÚservÚs.
  
  	rmdir /Q/S tsrc 2>NUL
  	mkdir tsrc
  	for %i in (.\src\alter.c  .\src\analyze.c  .\src\attach.c  .\src\auth.c  .\src\backup.c  .\src\bitvec.c  .\src\btmutex.c  .\src\btree.c  .\src\build.c  .\src\callback.c  .\src\complete.c  .\src\ctime.c  .\src\date.c  .\src\dbstat.c  .\src\delete.c  .\src\expr.c  .\src\fault.c  .\src\fkey.c  .\src\func.c  .\src\global.c  .\src\hash.c  .\src\insert.c  .\src\legacy.c  .\src\loadext.c  .\src\main.c  .\src\malloc.c  .\src\mem0.c  .\src\mem1.c  .\src\mem2.c  .\src\mem3.c  .\src\mem5.c  .\src\memjournal.c  .\src\mutex.c  .\src\mutex_noop.c  .\src\mutex_unix.c  .\src\mutex_w32.c  .\src\notify.c  .\src\os.c  .\src\os_unix.c  .\src\os_win.c) do copy /Y %i tsrc
  
  D:\sqlite-src-3180000>copy /Y .\src\alter.c tsrc 
          1 fichier(s) copié(s).
  
  D:\sqlite-src-3180000>copy /Y .\src\analyze.c tsrc 
          1 fichier(s) copié(s).
  
  D:\sqlite-src-3180000>copy /Y .\src\attach.c tsrc 
          1 fichier(s) copié(s).
  
  D:\sqlite-src-3180000>copy /Y .\src\auth.c tsrc 
          1 fichier(s) copié(s).
  
  D:\sqlite-src-3180000>copy /Y .\src\backup.c tsrc 
          1 fichier(s) copié(s).
  
  D:\sqlite-src-3180000>copy /Y .\src\bitvec.c tsrc 
          1 fichier(s) copié(s).
  
  D:\sqlite-src-3180000>copy /Y .\src\btmutex.c tsrc 
          1 fichier(s) copié(s).
  
  D:\sqlite-src-3180000>copy /Y .\src\btree.c tsrc 
          1 fichier(s) copié(s).
  
  D:\sqlite-src-3180000>copy /Y .\src\build.c tsrc 
          1 fichier(s) copié(s).
  
  D:\sqlite-src-3180000>copy /Y .\src\callback.c tsrc 
          1 fichier(s) copié(s).
  
  D:\sqlite-src-3180000>copy /Y .\src\complete.c tsrc 
          1 fichier(s) copié(s).
  
  D:\sqlite-src-3180000>copy /Y .\src\ctime.c tsrc 
          1 fichier(s) copié(s).
  
  D:\sqlite-src-3180000>copy /Y .\src\date.c tsrc 
          1 fichier(s) copié(s).
  
  D:\sqlite-src-3180000>copy /Y .\src\dbstat.c tsrc 
          1 fichier(s) copié(s).
  
  D:\sqlite-src-3180000>copy /Y .\src\delete.c tsrc 
          1 fichier(s) copié(s).
  
  D:\sqlite-src-3180000>copy /Y .\src\expr.c tsrc 
          1 fichier(s) copié(s).
  
  D:\sqlite-src-3180000>copy /Y .\src\fault.c tsrc 
          1 fichier(s) copié(s).
  
  D:\sqlite-src-3180000>copy /Y .\src\fkey.c tsrc 
          1 fichier(s) copié(s).
  
  D:\sqlite-src-3180000>copy /Y .\src\func.c tsrc 
          1 fichier(s) copié(s).
  
  D:\sqlite-src-3180000>copy /Y .\src\global.c tsrc 
          1 fichier(s) copié(s).
  
  D:\sqlite-src-3180000>copy /Y .\src\hash.c tsrc 
          1 fichier(s) copié(s).
  
  D:\sqlite-src-3180000>copy /Y .\src\insert.c tsrc 
          1 fichier(s) copié(s).
  
  D:\sqlite-src-3180000>copy /Y .\src\legacy.c tsrc 
          1 fichier(s) copié(s).
  
  D:\sqlite-src-3180000>copy /Y .\src\loadext.c tsrc 
          1 fichier(s) copié(s).
  
  D:\sqlite-src-3180000>copy /Y .\src\main.c tsrc 
          1 fichier(s) copié(s).
  
  D:\sqlite-src-3180000>copy /Y .\src\malloc.c tsrc 
          1 fichier(s) copié(s).
  
  D:\sqlite-src-3180000>copy /Y .\src\mem0.c tsrc 
          1 fichier(s) copié(s).
  
  D:\sqlite-src-3180000>copy /Y .\src\mem1.c tsrc 
          1 fichier(s) copié(s).
  
  D:\sqlite-src-3180000>copy /Y .\src\mem2.c tsrc 
          1 fichier(s) copié(s).
  
  D:\sqlite-src-3180000>copy /Y .\src\mem3.c tsrc 
          1 fichier(s) copié(s).
  
  D:\sqlite-src-3180000>copy /Y .\src\mem5.c tsrc 
          1 fichier(s) copié(s).
  
  D:\sqlite-src-3180000>copy /Y .\src\memjournal.c tsrc 
          1 fichier(s) copié(s).
  
  D:\sqlite-src-3180000>copy /Y .\src\mutex.c tsrc 
          1 fichier(s) copié(s).
  
  D:\sqlite-src-3180000>copy /Y .\src\mutex_noop.c tsrc 
          1 fichier(s) copié(s).
  
  D:\sqlite-src-3180000>copy /Y .\src\mutex_unix.c tsrc 
          1 fichier(s) copié(s).
  
  D:\sqlite-src-3180000>copy /Y .\src\mutex_w32.c tsrc 
          1 fichier(s) copié(s).
  
  D:\sqlite-src-3180000>copy /Y .\src\notify.c tsrc 
          1 fichier(s) copié(s).
  
  D:\sqlite-src-3180000>copy /Y .\src\os.c tsrc 
          1 fichier(s) copié(s).
  
  D:\sqlite-src-3180000>copy /Y .\src\os_unix.c tsrc 
          1 fichier(s) copié(s).
  
  D:\sqlite-src-3180000>copy /Y .\src\os_win.c tsrc 
          1 fichier(s) copié(s).
  	for %i in (.\src\pager.c  .\src\pcache.c  .\src\pcache1.c  .\src\pragma.c  .\src\prepare.c  .\src\printf.c  .\src\random.c  .\src\resolve.c  .\src\rowset.c  .\src\select.c  .\src\status.c  .\src\table.c  .\src\threads.c  .\src\tclsqlite.c  .\src\tokenize.c  .\src\treeview.c  .\src\trigger.c  .\src\sp.c  .\src\utf.c  .\src\update.c  .\src\util.c  .\src\vacuum.c  .\src\vdbe.c  .\src\vdbeapi.c  .\src\vdbeaux.c  .\src\vdbeblob.c  .\src\vdbemem.c  .\src\vdbesort.c  .\src\vdbetrace.c  .\src\vtab.c  .\src\wal.c  .\src\walker.c  .\src\where.c  .\src\wherecode.c  .\src\whereexpr.c) do copy /Y %i tsrc
  
  D:\sqlite-src-3180000>copy /Y .\src\pager.c tsrc 
          1 fichier(s) copié(s).
  
  D:\sqlite-src-3180000>copy /Y .\src\pcache.c tsrc 
          1 fichier(s) copié(s).
  
  D:\sqlite-src-3180000>copy /Y .\src\pcache1.c tsrc 
          1 fichier(s) copié(s).
  
  D:\sqlite-src-3180000>copy /Y .\src\pragma.c tsrc 
          1 fichier(s) copié(s).
  
  D:\sqlite-src-3180000>copy /Y .\src\prepare.c tsrc 
          1 fichier(s) copié(s).
  
  D:\sqlite-src-3180000>copy /Y .\src\printf.c tsrc 
          1 fichier(s) copié(s).
  
  D:\sqlite-src-3180000>copy /Y .\src\random.c tsrc 
          1 fichier(s) copié(s).
  
  D:\sqlite-src-3180000>copy /Y .\src\resolve.c tsrc 
          1 fichier(s) copié(s).
  
  D:\sqlite-src-3180000>copy /Y .\src\rowset.c tsrc 
          1 fichier(s) copié(s).
  
  D:\sqlite-src-3180000>copy /Y .\src\select.c tsrc 
          1 fichier(s) copié(s).
  
  D:\sqlite-src-3180000>copy /Y .\src\status.c tsrc 
          1 fichier(s) copié(s).
  
  D:\sqlite-src-3180000>copy /Y .\src\table.c tsrc 
          1 fichier(s) copié(s).
  
  D:\sqlite-src-3180000>copy /Y .\src\threads.c tsrc 
          1 fichier(s) copié(s).
  
  D:\sqlite-src-3180000>copy /Y .\src\tclsqlite.c tsrc 
          1 fichier(s) copié(s).
  
  D:\sqlite-src-3180000>copy /Y .\src\tokenize.c tsrc 
          1 fichier(s) copié(s).
  
  D:\sqlite-src-3180000>copy /Y .\src\treeview.c tsrc 
          1 fichier(s) copié(s).
  
  D:\sqlite-src-3180000>copy /Y .\src\trigger.c tsrc 
          1 fichier(s) copié(s).
  
  D:\sqlite-src-3180000>copy /Y .\src\sp.c tsrc 
          1 fichier(s) copié(s).
  
  D:\sqlite-src-3180000>copy /Y .\src\utf.c tsrc 
          1 fichier(s) copié(s).
  
  D:\sqlite-src-3180000>copy /Y .\src\update.c tsrc 
          1 fichier(s) copié(s).
  
  D:\sqlite-src-3180000>copy /Y .\src\util.c tsrc 
          1 fichier(s) copié(s).
  
  D:\sqlite-src-3180000>copy /Y .\src\vacuum.c tsrc 
          1 fichier(s) copié(s).
  
  D:\sqlite-src-3180000>copy /Y .\src\vdbe.c tsrc 
          1 fichier(s) copié(s).
  
  D:\sqlite-src-3180000>copy /Y .\src\vdbeapi.c tsrc 
          1 fichier(s) copié(s).
  
  D:\sqlite-src-3180000>copy /Y .\src\vdbeaux.c tsrc 
          1 fichier(s) copié(s).
  
  D:\sqlite-src-3180000>copy /Y .\src\vdbeblob.c tsrc 
          1 fichier(s) copié(s).
  
  D:\sqlite-src-3180000>copy /Y .\src\vdbemem.c tsrc 
          1 fichier(s) copié(s).
  
  D:\sqlite-src-3180000>copy /Y .\src\vdbesort.c tsrc 
          1 fichier(s) copié(s).
  
  D:\sqlite-src-3180000>copy /Y .\src\vdbetrace.c tsrc 
          1 fichier(s) copié(s).
  
  D:\sqlite-src-3180000>copy /Y .\src\vtab.c tsrc 
          1 fichier(s) copié(s).
  
  D:\sqlite-src-3180000>copy /Y .\src\wal.c tsrc 
          1 fichier(s) copié(s).
  
  D:\sqlite-src-3180000>copy /Y .\src\walker.c tsrc 
          1 fichier(s) copié(s).
  
  D:\sqlite-src-3180000>copy /Y .\src\where.c tsrc 
          1 fichier(s) copié(s).
  
  D:\sqlite-src-3180000>copy /Y .\src\wherecode.c tsrc 
          1 fichier(s) copié(s).
  
  D:\sqlite-src-3180000>copy /Y .\src\whereexpr.c tsrc 
          1 fichier(s) copié(s).
  	for %i in (.\src\shell.c) do copy /Y %i tsrc
  
  D:\sqlite-src-3180000>copy /Y .\src\shell.c tsrc 
          1 fichier(s) copié(s).
  	for %i in (.\src\parse.y) do copy /Y %i tsrc
  
  D:\sqlite-src-3180000>copy /Y .\src\parse.y tsrc 
          1 fichier(s) copié(s).
  	for %i in (.\src\btree.h  .\src\btreeInt.h  .\src\hash.h  .\src\hwtime.h  .\src\msvc.h  .\src\mutex.h  .\src\os.h  .\src\os_common.h  .\src\os_setup.h  .\src\os_win.h) do copy /Y %i tsrc
  
  D:\sqlite-src-3180000>copy /Y .\src\btree.h tsrc 
          1 fichier(s) copié(s).
  
  D:\sqlite-src-3180000>copy /Y .\src\btreeInt.h tsrc 
          1 fichier(s) copié(s).
  
  D:\sqlite-src-3180000>copy /Y .\src\hash.h tsrc 
          1 fichier(s) copié(s).
  
  D:\sqlite-src-3180000>copy /Y .\src\hwtime.h tsrc 
          1 fichier(s) copié(s).
  
  D:\sqlite-src-3180000>copy /Y .\src\msvc.h tsrc 
          1 fichier(s) copié(s).
  
  D:\sqlite-src-3180000>copy /Y .\src\mutex.h tsrc 
          1 fichier(s) copié(s).
  
  D:\sqlite-src-3180000>copy /Y .\src\os.h tsrc 
          1 fichier(s) copié(s).
  
  D:\sqlite-src-3180000>copy /Y .\src\os_common.h tsrc 
          1 fichier(s) copié(s).
  
  D:\sqlite-src-3180000>copy /Y .\src\os_setup.h tsrc 
          1 fichier(s) copié(s).
  
  D:\sqlite-src-3180000>copy /Y .\src\os_win.h tsrc 
          1 fichier(s) copié(s).
  	for %i in (.\src\pager.h  .\src\pcache.h  .\src\pragma.h  .\src\sqlite.h.in  .\src\sqlite3ext.h  .\src\sqliteInt.h  .\src\sqliteLimit.h  .\src\vdbe.h  .\src\vdbeInt.h  .\src\vxworks.h  .\src\wal.h  .\src\whereInt.h) do copy /Y %i tsrc
  
  D:\sqlite-src-3180000>copy /Y .\src\pager.h tsrc 
          1 fichier(s) copié(s).
  
  D:\sqlite-src-3180000>copy /Y .\src\pcache.h tsrc 
          1 fichier(s) copié(s).
  
  D:\sqlite-src-3180000>copy /Y .\src\pragma.h tsrc 
          1 fichier(s) copié(s).
  
  D:\sqlite-src-3180000>copy /Y .\src\sqlite.h.in tsrc 
          1 fichier(s) copié(s).
  
  D:\sqlite-src-3180000>copy /Y .\src\sqlite3ext.h tsrc 
          1 fichier(s) copié(s).
  
  D:\sqlite-src-3180000>copy /Y .\src\sqliteInt.h tsrc 
          1 fichier(s) copié(s).
  
  D:\sqlite-src-3180000>copy /Y .\src\sqliteLimit.h tsrc 
          1 fichier(s) copié(s).
  
  D:\sqlite-src-3180000>copy /Y .\src\vdbe.h tsrc 
          1 fichier(s) copié(s).
  
  D:\sqlite-src-3180000>copy /Y .\src\vdbeInt.h tsrc 
          1 fichier(s) copié(s).
  
  D:\sqlite-src-3180000>copy /Y .\src\vxworks.h tsrc 
          1 fichier(s) copié(s).
  
  D:\sqlite-src-3180000>copy /Y .\src\wal.h tsrc 
          1 fichier(s) copié(s).
  
  D:\sqlite-src-3180000>copy /Y .\src\whereInt.h tsrc 
          1 fichier(s) copié(s).
  	for %i in (.\ext\fts1\fts1.c  .\ext\fts1\fts1_hash.c  .\ext\fts1\fts1_porter.c  .\ext\fts1\fts1_tokenizer1.c  .\ext\fts2\fts2.c  .\ext\fts2\fts2_hash.c  .\ext\fts2\fts2_icu.c  .\ext\fts2\fts2_porter.c  .\ext\fts2\fts2_tokenizer.c  .\ext\fts2\fts2_tokenizer1.c) do copy /Y %i tsrc
  
  D:\sqlite-src-3180000>copy /Y .\ext\fts1\fts1.c tsrc 
          1 fichier(s) copié(s).
  
  D:\sqlite-src-3180000>copy /Y .\ext\fts1\fts1_hash.c tsrc 
          1 fichier(s) copié(s).
  
  D:\sqlite-src-3180000>copy /Y .\ext\fts1\fts1_porter.c tsrc 
          1 fichier(s) copié(s).
  
  D:\sqlite-src-3180000>copy /Y .\ext\fts1\fts1_tokenizer1.c tsrc 
          1 fichier(s) copié(s).
  
  D:\sqlite-src-3180000>copy /Y .\ext\fts2\fts2.c tsrc 
          1 fichier(s) copié(s).
  
  D:\sqlite-src-3180000>copy /Y .\ext\fts2\fts2_hash.c tsrc 
          1 fichier(s) copié(s).
  
  D:\sqlite-src-3180000>copy /Y .\ext\fts2\fts2_icu.c tsrc 
          1 fichier(s) copié(s).
  
  D:\sqlite-src-3180000>copy /Y .\ext\fts2\fts2_porter.c tsrc 
          1 fichier(s) copié(s).
  
  D:\sqlite-src-3180000>copy /Y .\ext\fts2\fts2_tokenizer.c tsrc 
          1 fichier(s) copié(s).
  
  D:\sqlite-src-3180000>copy /Y .\ext\fts2\fts2_tokenizer1.c tsrc 
          1 fichier(s) copié(s).
  	for %i in (.\ext\fts3\fts3.c  .\ext\fts3\fts3_aux.c  .\ext\fts3\fts3_expr.c  .\ext\fts3\fts3_hash.c  .\ext\fts3\fts3_icu.c  .\ext\fts3\fts3_porter.c  .\ext\fts3\fts3_snippet.c  .\ext\fts3\fts3_tokenizer.c  .\ext\fts3\fts3_tokenizer1.c  .\ext\fts3\fts3_tokenize_vtab.c  .\ext\fts3\fts3_unicode.c  .\ext\fts3\fts3_unicode2.c  .\ext\fts3\fts3_write.c  .\ext\icu\icu.c  .\ext\rtree\rtree.c  .\ext\session\sqlite3session.c  .\ext\rbu\sqlite3rbu.c  .\ext\misc\json1.c) do copy /Y %i tsrc
  
  D:\sqlite-src-3180000>copy /Y .\ext\fts3\fts3.c tsrc 
          1 fichier(s) copié(s).
  
  D:\sqlite-src-3180000>copy /Y .\ext\fts3\fts3_aux.c tsrc 
          1 fichier(s) copié(s).
  
  D:\sqlite-src-3180000>copy /Y .\ext\fts3\fts3_expr.c tsrc 
          1 fichier(s) copié(s).
  
  D:\sqlite-src-3180000>copy /Y .\ext\fts3\fts3_hash.c tsrc 
          1 fichier(s) copié(s).
  
  D:\sqlite-src-3180000>copy /Y .\ext\fts3\fts3_icu.c tsrc 
          1 fichier(s) copié(s).
  
  D:\sqlite-src-3180000>copy /Y .\ext\fts3\fts3_porter.c tsrc 
          1 fichier(s) copié(s).
  
  D:\sqlite-src-3180000>copy /Y .\ext\fts3\fts3_snippet.c tsrc 
          1 fichier(s) copié(s).
  
  D:\sqlite-src-3180000>copy /Y .\ext\fts3\fts3_tokenizer.c tsrc 
          1 fichier(s) copié(s).
  
  D:\sqlite-src-3180000>copy /Y .\ext\fts3\fts3_tokenizer1.c tsrc 
          1 fichier(s) copié(s).
  
  D:\sqlite-src-3180000>copy /Y .\ext\fts3\fts3_tokenize_vtab.c tsrc 
          1 fichier(s) copié(s).
  
  D:\sqlite-src-3180000>copy /Y .\ext\fts3\fts3_unicode.c tsrc 
          1 fichier(s) copié(s).
  
  D:\sqlite-src-3180000>copy /Y .\ext\fts3\fts3_unicode2.c tsrc 
          1 fichier(s) copié(s).
  
  D:\sqlite-src-3180000>copy /Y .\ext\fts3\fts3_write.c tsrc 
          1 fichier(s) copié(s).
  
  D:\sqlite-src-3180000>copy /Y .\ext\icu\icu.c tsrc 
          1 fichier(s) copié(s).
  
  D:\sqlite-src-3180000>copy /Y .\ext\rtree\rtree.c tsrc 
          1 fichier(s) copié(s).
  
  D:\sqlite-src-3180000>copy /Y .\ext\session\sqlite3session.c tsrc 
          1 fichier(s) copié(s).
  
  D:\sqlite-src-3180000>copy /Y .\ext\rbu\sqlite3rbu.c tsrc 
          1 fichier(s) copié(s).
  
  D:\sqlite-src-3180000>copy /Y .\ext\misc\json1.c tsrc 
          1 fichier(s) copié(s).
  	for %i in (.\ext\fts1\fts1.h  .\ext\fts1\fts1_hash.h  .\ext\fts1\fts1_tokenizer.h  .\ext\fts2\fts2.h  .\ext\fts2\fts2_hash.h  .\ext\fts2\fts2_tokenizer.h) do copy /Y %i tsrc
  
  D:\sqlite-src-3180000>copy /Y .\ext\fts1\fts1.h tsrc 
          1 fichier(s) copié(s).
  
  D:\sqlite-src-3180000>copy /Y .\ext\fts1\fts1_hash.h tsrc 
          1 fichier(s) copié(s).
  
  D:\sqlite-src-3180000>copy /Y .\ext\fts1\fts1_tokenizer.h tsrc 
          1 fichier(s) copié(s).
  
  D:\sqlite-src-3180000>copy /Y .\ext\fts2\fts2.h tsrc 
          1 fichier(s) copié(s).
  
  D:\sqlite-src-3180000>copy /Y .\ext\fts2\fts2_hash.h tsrc 
          1 fichier(s) copié(s).
  
  D:\sqlite-src-3180000>copy /Y .\ext\fts2\fts2_tokenizer.h tsrc 
          1 fichier(s) copié(s).
  	for %i in (.\ext\fts3\fts3.h  .\ext\fts3\fts3Int.h  .\ext\fts3\fts3_hash.h  .\ext\fts3\fts3_tokenizer.h  .\ext\icu\sqliteicu.h  .\ext\rtree\rtree.h  .\ext\rbu\sqlite3rbu.h  .\ext\session\sqlite3session.h) do copy /Y %i tsrc
  
  D:\sqlite-src-3180000>copy /Y .\ext\fts3\fts3.h tsrc 
          1 fichier(s) copié(s).
  
  D:\sqlite-src-3180000>copy /Y .\ext\fts3\fts3Int.h tsrc 
          1 fichier(s) copié(s).
  
  D:\sqlite-src-3180000>copy /Y .\ext\fts3\fts3_hash.h tsrc 
          1 fichier(s) copié(s).
  
  D:\sqlite-src-3180000>copy /Y .\ext\fts3\fts3_tokenizer.h tsrc 
          1 fichier(s) copié(s).
  
  D:\sqlite-src-3180000>copy /Y .\ext\icu\sqliteicu.h tsrc 
          1 fichier(s) copié(s).
  
  D:\sqlite-src-3180000>copy /Y .\ext\rtree\rtree.h tsrc 
          1 fichier(s) copié(s).
  
  D:\sqlite-src-3180000>copy /Y .\ext\rbu\sqlite3rbu.h tsrc 
          1 fichier(s) copié(s).
  
  D:\sqlite-src-3180000>copy /Y .\ext\session\sqlite3session.h tsrc 
          1 fichier(s) copié(s).
  	for %i in (opcodes.c  parse.c) do copy /Y %i tsrc
  
  D:\sqlite-src-3180000>copy /Y opcodes.c tsrc 
          1 fichier(s) copié(s).
  
  D:\sqlite-src-3180000>copy /Y parse.c tsrc 
          1 fichier(s) copié(s).
  	for %i in (keywordhash.h  opcodes.h  parse.h  sqlite3.h) do copy /Y %i tsrc
  
  D:\sqlite-src-3180000>copy /Y keywordhash.h tsrc 
          1 fichier(s) copié(s).
  
  D:\sqlite-src-3180000>copy /Y opcodes.h tsrc 
          1 fichier(s) copié(s).
  
  D:\sqlite-src-3180000>copy /Y parse.h tsrc 
          1 fichier(s) copié(s).
  
  D:\sqlite-src-3180000>copy /Y sqlite3.h tsrc 
          1 fichier(s) copié(s).
  	for %i in (sqlite_tcl.h  sqlite_tclDecls.h) do copy /Y %i tsrc
  
  D:\sqlite-src-3180000>copy /Y sqlite_tcl.h tsrc 
          1 fichier(s) copié(s).
  
  D:\sqlite-src-3180000>copy /Y sqlite_tclDecls.h tsrc 
          1 fichier(s) copié(s).
  	copy /Y fts5.c tsrc
          1 fichier(s) copié(s).
  	copy /Y fts5.h tsrc
          1 fichier(s) copié(s).
  	del /Q tsrc\sqlite.h.in tsrc\parse.y 2>NUL
  	tclsh .\tool\vdbe-compress.tcl  < tsrc\vdbe.c > vdbe.new
  	move vdbe.new tsrc\vdbe.c
          1 fichier(s) déplacé(s).
  	echo > .target_source
  	type tsrc\sqlite3ext.h | tclsh .\tool\replace.tcl regsub "\(\*\)" "(SQLITE_CALLBACK *)"  | tclsh .\tool\replace.tcl regsub "\(\*" "(SQLITE_APICALL *" > sqlite3ext.h
  	copy /Y sqlite3ext.h tsrc\sqlite3ext.h
          1 fichier(s) copié(s).
  	cl -nologo -W3   -DSQLITE_OS_WIN=1 -I. -I. -I.\src -fp:precise /d2guard4 -D_ARM_WINAPI_PARTITION_DESKTOP_SDK_AVAILABLE -MTd -I.\ext\fts3 -I.\ext\rtree -I.\ext\session -DSQLITE_ENABLE_API_ARMOR=1 -DSQLITE_DEBUG=1 -DSQLITE_FORCE_OS_TRACE=1 -DSQLITE_DEBUG_OS_TRACE=1 -D_CRT_SECURE_NO_DEPRECATE -D_CRT_SECURE_NO_WARNINGS -D_CRT_NONSTDC_NO_DEPRECATE -D_CRT_NONSTDC_NO_WARNINGS -DSQLITE_THREADSAFE=1 -DSQLITE_THREAD_OVERRIDE_LOCK=-1 -DSQLITE_TEMP_STORE=1  -DSQLITE_MAX_TRIGGER_DEPTH=100  -DSQLITE_ENABLE_FTS3=1 -DSQLITE_ENABLE_RTREE=1 -DSQLITE_ENABLE_COLUMN_METADATA=1  -DSQLITE_ENABLE_FTS4=1 -DSQLITE_SYSTEM_MALLOC=1 -DSQLITE_OMIT_LOCALTIME=1  -D_DEBUG -Od -Zi -Fovdbe.lo  -DSQLITE_API=__declspec(dllexport) -c .\src\vdbe.c
  vdbe.c
.\src\vdbe.c(6511): warning C4013: 'sqlite3VdbeMemWinFinalize' non défini(e) ; extern retournant int pris par défaut
.\src\vdbe.c(2538): warning C4102: 'prepare_column' : étiquette non référencée
.\src\vdbe.c(2528): warning C4101: 'p4' : variable locale non référencée
d:\sqlite-src-3180000\src\vdbe.c(2518): warning C4700: variable locale 'r' non initialisée utilisée
d:\sqlite-src-3180000\src\vdbe.c(2532): warning C4700: variable locale 'r' non initialisée utilisée
  	cl -nologo -W3   -DSQLITE_OS_WIN=1 -I. -I. -I.\src -fp:precise /d2guard4 -D_ARM_WINAPI_PARTITION_DESKTOP_SDK_AVAILABLE -MTd -I.\ext\fts3 -I.\ext\rtree -I.\ext\session -DSQLITE_ENABLE_API_ARMOR=1 -DSQLITE_DEBUG=1 -DSQLITE_FORCE_OS_TRACE=1 -DSQLITE_DEBUG_OS_TRACE=1 -D_CRT_SECURE_NO_DEPRECATE -D_CRT_SECURE_NO_WARNINGS -D_CRT_NONSTDC_NO_DEPRECATE -D_CRT_NONSTDC_NO_WARNINGS -DSQLITE_THREADSAFE=1 -DSQLITE_THREAD_OVERRIDE_LOCK=-1 -DSQLITE_TEMP_STORE=1  -DSQLITE_MAX_TRIGGER_DEPTH=100  -DSQLITE_ENABLE_FTS3=1 -DSQLITE_ENABLE_RTREE=1 -DSQLITE_ENABLE_COLUMN_METADATA=1  -DSQLITE_ENABLE_FTS4=1 -DSQLITE_SYSTEM_MALLOC=1 -DSQLITE_OMIT_LOCALTIME=1  -D_DEBUG -Od -Zi -Foparse.lo  -DSQLITE_API=__declspec(dllexport) -c parse.c
  parse.c
parse.y(313): warning C4013: 'sqlite3AddLuciaFlags' non défini(e) ; extern retournant int pris par défaut
parse.y(1439): warning C4013: 'sqlite3ShowVariable' non défini(e) ; extern retournant int pris par défaut
parse.y(1440): warning C4013: 'sqlite3DefineVariable' non défini(e) ; extern retournant int pris par défaut
parse.y(1536): warning C4013: 'sqlite3SPIfStep' non défini(e) ; extern retournant int pris par défaut
parse.y(1536): warning C4047: '=' : les niveaux d'indirection de 'SPStep *' et de 'int' sont différents
parse.y(1539): warning C4047: '=' : les niveaux d'indirection de 'SPStep *' et de 'int' sont différents
parse.y(1542): warning C4047: '=' : les niveaux d'indirection de 'SPStep *' et de 'int' sont différents
parse.y(1545): warning C4047: '=' : les niveaux d'indirection de 'SPStep *' et de 'int' sont différents
parse.y(1549): warning C4013: 'sqlite3SPForEachStep' non défini(e) ; extern retournant int pris par défaut
parse.y(1549): warning C4047: '=' : les niveaux d'indirection de 'SPStep *' et de 'int' sont différents
parse.y(1551): warning C4013: 'sqlite3SPEndForEachStep' non défini(e) ; extern retournant int pris par défaut
parse.y(1551): warning C4047: '=' : les niveaux d'indirection de 'SPStep *' et de 'int' sont différents
  	cl -nologo -W3   -DSQLITE_OS_WIN=1 -I. -I. -I.\src -fp:precise /d2guard4 -D_ARM_WINAPI_PARTITION_DESKTOP_SDK_AVAILABLE -MTd -I.\ext\fts3 -I.\ext\rtree -I.\ext\session -DSQLITE_ENABLE_API_ARMOR=1 -DSQLITE_DEBUG=1 -DSQLITE_FORCE_OS_TRACE=1 -DSQLITE_DEBUG_OS_TRACE=1 -D_CRT_SECURE_NO_DEPRECATE -D_CRT_SECURE_NO_WARNINGS -D_CRT_NONSTDC_NO_DEPRECATE -D_CRT_NONSTDC_NO_WARNINGS -DSQLITE_THREADSAFE=1 -DSQLITE_THREAD_OVERRIDE_LOCK=-1 -DSQLITE_TEMP_STORE=1  -DSQLITE_MAX_TRIGGER_DEPTH=100  -DSQLITE_ENABLE_FTS3=1 -DSQLITE_ENABLE_RTREE=1 -DSQLITE_ENABLE_COLUMN_METADATA=1  -DSQLITE_ENABLE_FTS4=1 -DSQLITE_SYSTEM_MALLOC=1 -DSQLITE_OMIT_LOCALTIME=1  -D_DEBUG -Od -Zi -Foalter.lo  -DSQLITE_API=__declspec(dllexport) -c .\src\alter.c
  alter.c
  	cl -nologo -W3   -DSQLITE_OS_WIN=1 -I. -I. -I.\src -fp:precise /d2guard4 -D_ARM_WINAPI_PARTITION_DESKTOP_SDK_AVAILABLE -MTd -I.\ext\fts3 -I.\ext\rtree -I.\ext\session -DSQLITE_ENABLE_API_ARMOR=1 -DSQLITE_DEBUG=1 -DSQLITE_FORCE_OS_TRACE=1 -DSQLITE_DEBUG_OS_TRACE=1 -D_CRT_SECURE_NO_DEPRECATE -D_CRT_SECURE_NO_WARNINGS -D_CRT_NONSTDC_NO_DEPRECATE -D_CRT_NONSTDC_NO_WARNINGS -DSQLITE_THREADSAFE=1 -DSQLITE_THREAD_OVERRIDE_LOCK=-1 -DSQLITE_TEMP_STORE=1  -DSQLITE_MAX_TRIGGER_DEPTH=100  -DSQLITE_ENABLE_FTS3=1 -DSQLITE_ENABLE_RTREE=1 -DSQLITE_ENABLE_COLUMN_METADATA=1  -DSQLITE_ENABLE_FTS4=1 -DSQLITE_SYSTEM_MALLOC=1 -DSQLITE_OMIT_LOCALTIME=1  -D_DEBUG -Od -Zi -Foanalyze.lo  -DSQLITE_API=__declspec(dllexport) -c .\src\analyze.c
  analyze.c
.\src\analyze.c(477): warning C4047: 'initialisation' : les niveaux d'indirection de 'void (__cdecl *)(sqlite3_context *)' et de 'char [10]' sont différents
.\src\analyze.c(793): warning C4047: 'initialisation' : les niveaux d'indirection de 'void (__cdecl *)(sqlite3_context *)' et de 'char [10]' sont différents
.\src\analyze.c(944): warning C4047: 'initialisation' : les niveaux d'indirection de 'void (__cdecl *)(sqlite3_context *)' et de 'char [9]' sont différents
  	cl -nologo -W3   -DSQLITE_OS_WIN=1 -I. -I. -I.\src -fp:precise /d2guard4 -D_ARM_WINAPI_PARTITION_DESKTOP_SDK_AVAILABLE -MTd -I.\ext\fts3 -I.\ext\rtree -I.\ext\session -DSQLITE_ENABLE_API_ARMOR=1 -DSQLITE_DEBUG=1 -DSQLITE_FORCE_OS_TRACE=1 -DSQLITE_DEBUG_OS_TRACE=1 -D_CRT_SECURE_NO_DEPRECATE -D_CRT_SECURE_NO_WARNINGS -D_CRT_NONSTDC_NO_DEPRECATE -D_CRT_NONSTDC_NO_WARNINGS -DSQLITE_THREADSAFE=1 -DSQLITE_THREAD_OVERRIDE_LOCK=-1 -DSQLITE_TEMP_STORE=1  -DSQLITE_MAX_TRIGGER_DEPTH=100  -DSQLITE_ENABLE_FTS3=1 -DSQLITE_ENABLE_RTREE=1 -DSQLITE_ENABLE_COLUMN_METADATA=1  -DSQLITE_ENABLE_FTS4=1 -DSQLITE_SYSTEM_MALLOC=1 -DSQLITE_OMIT_LOCALTIME=1  -D_DEBUG -Od -Zi -Foattach.lo  -DSQLITE_API=__declspec(dllexport) -c .\src\attach.c
  attach.c
.\src\attach.c(389): warning C4047: 'initialisation' : les niveaux d'indirection de 'void (__cdecl *)(sqlite3_context *)' et de 'char [14]' sont différents
.\src\attach.c(408): warning C4047: 'initialisation' : les niveaux d'indirection de 'void (__cdecl *)(sqlite3_context *)' et de 'char [14]' sont différents
  	cl -nologo -W3   -DSQLITE_OS_WIN=1 -I. -I. -I.\src -fp:precise /d2guard4 -D_ARM_WINAPI_PARTITION_DESKTOP_SDK_AVAILABLE -MTd -I.\ext\fts3 -I.\ext\rtree -I.\ext\session -DSQLITE_ENABLE_API_ARMOR=1 -DSQLITE_DEBUG=1 -DSQLITE_FORCE_OS_TRACE=1 -DSQLITE_DEBUG_OS_TRACE=1 -D_CRT_SECURE_NO_DEPRECATE -D_CRT_SECURE_NO_WARNINGS -D_CRT_NONSTDC_NO_DEPRECATE -D_CRT_NONSTDC_NO_WARNINGS -DSQLITE_THREADSAFE=1 -DSQLITE_THREAD_OVERRIDE_LOCK=-1 -DSQLITE_TEMP_STORE=1  -DSQLITE_MAX_TRIGGER_DEPTH=100  -DSQLITE_ENABLE_FTS3=1 -DSQLITE_ENABLE_RTREE=1 -DSQLITE_ENABLE_COLUMN_METADATA=1  -DSQLITE_ENABLE_FTS4=1 -DSQLITE_SYSTEM_MALLOC=1 -DSQLITE_OMIT_LOCALTIME=1  -D_DEBUG -Od -Zi -Foauth.lo  -DSQLITE_API=__declspec(dllexport) -c .\src\auth.c
  auth.c
  	cl -nologo -W3   -DSQLITE_OS_WIN=1 -I. -I. -I.\src -fp:precise /d2guard4 -D_ARM_WINAPI_PARTITION_DESKTOP_SDK_AVAILABLE -MTd -I.\ext\fts3 -I.\ext\rtree -I.\ext\session -DSQLITE_ENABLE_API_ARMOR=1 -DSQLITE_DEBUG=1 -DSQLITE_FORCE_OS_TRACE=1 -DSQLITE_DEBUG_OS_TRACE=1 -D_CRT_SECURE_NO_DEPRECATE -D_CRT_SECURE_NO_WARNINGS -D_CRT_NONSTDC_NO_DEPRECATE -D_CRT_NONSTDC_NO_WARNINGS -DSQLITE_THREADSAFE=1 -DSQLITE_THREAD_OVERRIDE_LOCK=-1 -DSQLITE_TEMP_STORE=1  -DSQLITE_MAX_TRIGGER_DEPTH=100  -DSQLITE_ENABLE_FTS3=1 -DSQLITE_ENABLE_RTREE=1 -DSQLITE_ENABLE_COLUMN_METADATA=1  -DSQLITE_ENABLE_FTS4=1 -DSQLITE_SYSTEM_MALLOC=1 -DSQLITE_OMIT_LOCALTIME=1  -D_DEBUG -Od -Zi -Fobackup.lo  -DSQLITE_API=__declspec(dllexport) -c .\src\backup.c
  backup.c
  	cl -nologo -W3   -DSQLITE_OS_WIN=1 -I. -I. -I.\src -fp:precise /d2guard4 -D_ARM_WINAPI_PARTITION_DESKTOP_SDK_AVAILABLE -MTd -I.\ext\fts3 -I.\ext\rtree -I.\ext\session -DSQLITE_ENABLE_API_ARMOR=1 -DSQLITE_DEBUG=1 -DSQLITE_FORCE_OS_TRACE=1 -DSQLITE_DEBUG_OS_TRACE=1 -D_CRT_SECURE_NO_DEPRECATE -D_CRT_SECURE_NO_WARNINGS -D_CRT_NONSTDC_NO_DEPRECATE -D_CRT_NONSTDC_NO_WARNINGS -DSQLITE_THREADSAFE=1 -DSQLITE_THREAD_OVERRIDE_LOCK=-1 -DSQLITE_TEMP_STORE=1  -DSQLITE_MAX_TRIGGER_DEPTH=100  -DSQLITE_ENABLE_FTS3=1 -DSQLITE_ENABLE_RTREE=1 -DSQLITE_ENABLE_COLUMN_METADATA=1  -DSQLITE_ENABLE_FTS4=1 -DSQLITE_SYSTEM_MALLOC=1 -DSQLITE_OMIT_LOCALTIME=1  -D_DEBUG -Od -Zi -Fobitvec.lo  -DSQLITE_API=__declspec(dllexport) -c .\src\bitvec.c
  bitvec.c
  	cl -nologo -W3   -DSQLITE_OS_WIN=1 -I. -I. -I.\src -fp:precise /d2guard4 -D_ARM_WINAPI_PARTITION_DESKTOP_SDK_AVAILABLE -MTd -I.\ext\fts3 -I.\ext\rtree -I.\ext\session -DSQLITE_ENABLE_API_ARMOR=1 -DSQLITE_DEBUG=1 -DSQLITE_FORCE_OS_TRACE=1 -DSQLITE_DEBUG_OS_TRACE=1 -D_CRT_SECURE_NO_DEPRECATE -D_CRT_SECURE_NO_WARNINGS -D_CRT_NONSTDC_NO_DEPRECATE -D_CRT_NONSTDC_NO_WARNINGS -DSQLITE_THREADSAFE=1 -DSQLITE_THREAD_OVERRIDE_LOCK=-1 -DSQLITE_TEMP_STORE=1  -DSQLITE_MAX_TRIGGER_DEPTH=100  -DSQLITE_ENABLE_FTS3=1 -DSQLITE_ENABLE_RTREE=1 -DSQLITE_ENABLE_COLUMN_METADATA=1  -DSQLITE_ENABLE_FTS4=1 -DSQLITE_SYSTEM_MALLOC=1 -DSQLITE_OMIT_LOCALTIME=1  -D_DEBUG -Od -Zi -Fobtmutex.lo  -DSQLITE_API=__declspec(dllexport) -c .\src\btmutex.c
  btmutex.c
  	cl -nologo -W3   -DSQLITE_OS_WIN=1 -I. -I. -I.\src -fp:precise /d2guard4 -D_ARM_WINAPI_PARTITION_DESKTOP_SDK_AVAILABLE -MTd -I.\ext\fts3 -I.\ext\rtree -I.\ext\session -DSQLITE_ENABLE_API_ARMOR=1 -DSQLITE_DEBUG=1 -DSQLITE_FORCE_OS_TRACE=1 -DSQLITE_DEBUG_OS_TRACE=1 -D_CRT_SECURE_NO_DEPRECATE -D_CRT_SECURE_NO_WARNINGS -D_CRT_NONSTDC_NO_DEPRECATE -D_CRT_NONSTDC_NO_WARNINGS -DSQLITE_THREADSAFE=1 -DSQLITE_THREAD_OVERRIDE_LOCK=-1 -DSQLITE_TEMP_STORE=1  -DSQLITE_MAX_TRIGGER_DEPTH=100  -DSQLITE_ENABLE_FTS3=1 -DSQLITE_ENABLE_RTREE=1 -DSQLITE_ENABLE_COLUMN_METADATA=1  -DSQLITE_ENABLE_FTS4=1 -DSQLITE_SYSTEM_MALLOC=1 -DSQLITE_OMIT_LOCALTIME=1  -D_DEBUG -Od -Zi -Fobtree.lo  -DSQLITE_API=__declspec(dllexport) -c .\src\btree.c
  btree.c
  	cl -nologo -W3   -DSQLITE_OS_WIN=1 -I. -I. -I.\src -fp:precise /d2guard4 -D_ARM_WINAPI_PARTITION_DESKTOP_SDK_AVAILABLE -MTd -I.\ext\fts3 -I.\ext\rtree -I.\ext\session -DSQLITE_ENABLE_API_ARMOR=1 -DSQLITE_DEBUG=1 -DSQLITE_FORCE_OS_TRACE=1 -DSQLITE_DEBUG_OS_TRACE=1 -D_CRT_SECURE_NO_DEPRECATE -D_CRT_SECURE_NO_WARNINGS -D_CRT_NONSTDC_NO_DEPRECATE -D_CRT_NONSTDC_NO_WARNINGS -DSQLITE_THREADSAFE=1 -DSQLITE_THREAD_OVERRIDE_LOCK=-1 -DSQLITE_TEMP_STORE=1  -DSQLITE_MAX_TRIGGER_DEPTH=100  -DSQLITE_ENABLE_FTS3=1 -DSQLITE_ENABLE_RTREE=1 -DSQLITE_ENABLE_COLUMN_METADATA=1  -DSQLITE_ENABLE_FTS4=1 -DSQLITE_SYSTEM_MALLOC=1 -DSQLITE_OMIT_LOCALTIME=1  -D_DEBUG -Od -Zi -Fobuild.lo  -DSQLITE_API=__declspec(dllexport) -c .\src\build.c
  build.c
.\src\build.c(1129): warning C4101: 'zSql' : variable locale non référencée
.\src\build.c(1127): warning C4101: 'pStmt' : variable locale non référencée
.\src\build.c(1131): warning C4101: 'rc' : variable locale non référencée
.\src\build.c(1128): warning C4101: 'zTail' : variable locale non référencée
.\src\build.c(2014): warning C4090: '=' : qualificateurs 'const' différents
.\src\build.c(1993): warning C4101: 'zType2' : variable locale non référencée
.\src\build.c(1992): warning C4101: 'zType' : variable locale non référencée
.\src\build.c(2178): warning C4101: 'sCons' : variable locale non référencée
  	cl -nologo -W3   -DSQLITE_OS_WIN=1 -I. -I. -I.\src -fp:precise /d2guard4 -D_ARM_WINAPI_PARTITION_DESKTOP_SDK_AVAILABLE -MTd -I.\ext\fts3 -I.\ext\rtree -I.\ext\session -DSQLITE_ENABLE_API_ARMOR=1 -DSQLITE_DEBUG=1 -DSQLITE_FORCE_OS_TRACE=1 -DSQLITE_DEBUG_OS_TRACE=1 -D_CRT_SECURE_NO_DEPRECATE -D_CRT_SECURE_NO_WARNINGS -D_CRT_NONSTDC_NO_DEPRECATE -D_CRT_NONSTDC_NO_WARNINGS -DSQLITE_THREADSAFE=1 -DSQLITE_THREAD_OVERRIDE_LOCK=-1 -DSQLITE_TEMP_STORE=1  -DSQLITE_MAX_TRIGGER_DEPTH=100  -DSQLITE_ENABLE_FTS3=1 -DSQLITE_ENABLE_RTREE=1 -DSQLITE_ENABLE_COLUMN_METADATA=1  -DSQLITE_ENABLE_FTS4=1 -DSQLITE_SYSTEM_MALLOC=1 -DSQLITE_OMIT_LOCALTIME=1  -D_DEBUG -Od -Zi -Focallback.lo  -DSQLITE_API=__declspec(dllexport) -c .\src\callback.c
  callback.c
  	cl -nologo -W3   -DSQLITE_OS_WIN=1 -I. -I. -I.\src -fp:precise /d2guard4 -D_ARM_WINAPI_PARTITION_DESKTOP_SDK_AVAILABLE -MTd -I.\ext\fts3 -I.\ext\rtree -I.\ext\session -DSQLITE_ENABLE_API_ARMOR=1 -DSQLITE_DEBUG=1 -DSQLITE_FORCE_OS_TRACE=1 -DSQLITE_DEBUG_OS_TRACE=1 -D_CRT_SECURE_NO_DEPRECATE -D_CRT_SECURE_NO_WARNINGS -D_CRT_NONSTDC_NO_DEPRECATE -D_CRT_NONSTDC_NO_WARNINGS -DSQLITE_THREADSAFE=1 -DSQLITE_THREAD_OVERRIDE_LOCK=-1 -DSQLITE_TEMP_STORE=1  -DSQLITE_MAX_TRIGGER_DEPTH=100  -DSQLITE_ENABLE_FTS3=1 -DSQLITE_ENABLE_RTREE=1 -DSQLITE_ENABLE_COLUMN_METADATA=1  -DSQLITE_ENABLE_FTS4=1 -DSQLITE_SYSTEM_MALLOC=1 -DSQLITE_OMIT_LOCALTIME=1  -D_DEBUG -Od -Zi -Focomplete.lo  -DSQLITE_API=__declspec(dllexport) -c .\src\complete.c
  complete.c
  	cl -nologo -W3   -DSQLITE_OS_WIN=1 -I. -I. -I.\src -fp:precise /d2guard4 -D_ARM_WINAPI_PARTITION_DESKTOP_SDK_AVAILABLE -MTd -I.\ext\fts3 -I.\ext\rtree -I.\ext\session -DSQLITE_ENABLE_API_ARMOR=1 -DSQLITE_DEBUG=1 -DSQLITE_FORCE_OS_TRACE=1 -DSQLITE_DEBUG_OS_TRACE=1 -D_CRT_SECURE_NO_DEPRECATE -D_CRT_SECURE_NO_WARNINGS -D_CRT_NONSTDC_NO_DEPRECATE -D_CRT_NONSTDC_NO_WARNINGS -DSQLITE_THREADSAFE=1 -DSQLITE_THREAD_OVERRIDE_LOCK=-1 -DSQLITE_TEMP_STORE=1  -DSQLITE_MAX_TRIGGER_DEPTH=100  -DSQLITE_ENABLE_FTS3=1 -DSQLITE_ENABLE_RTREE=1 -DSQLITE_ENABLE_COLUMN_METADATA=1  -DSQLITE_ENABLE_FTS4=1 -DSQLITE_SYSTEM_MALLOC=1 -DSQLITE_OMIT_LOCALTIME=1  -D_DEBUG -Od -Zi -Foctime.lo  -DSQLITE_API=__declspec(dllexport) -c .\src\ctime.c
  ctime.c
  	cl -nologo -W3   -DSQLITE_OS_WIN=1 -I. -I. -I.\src -fp:precise /d2guard4 -D_ARM_WINAPI_PARTITION_DESKTOP_SDK_AVAILABLE -MTd -I.\ext\fts3 -I.\ext\rtree -I.\ext\session -DSQLITE_ENABLE_API_ARMOR=1 -DSQLITE_DEBUG=1 -DSQLITE_FORCE_OS_TRACE=1 -DSQLITE_DEBUG_OS_TRACE=1 -D_CRT_SECURE_NO_DEPRECATE -D_CRT_SECURE_NO_WARNINGS -D_CRT_NONSTDC_NO_DEPRECATE -D_CRT_NONSTDC_NO_WARNINGS -DSQLITE_THREADSAFE=1 -DSQLITE_THREAD_OVERRIDE_LOCK=-1 -DSQLITE_TEMP_STORE=1  -DSQLITE_MAX_TRIGGER_DEPTH=100  -DSQLITE_ENABLE_FTS3=1 -DSQLITE_ENABLE_RTREE=1 -DSQLITE_ENABLE_COLUMN_METADATA=1  -DSQLITE_ENABLE_FTS4=1 -DSQLITE_SYSTEM_MALLOC=1 -DSQLITE_OMIT_LOCALTIME=1  -D_DEBUG -Od -Zi -Fodate.lo  -DSQLITE_API=__declspec(dllexport) -c .\src\date.c
  date.c
  	cl -nologo -W3   -DSQLITE_OS_WIN=1 -I. -I. -I.\src -fp:precise /d2guard4 -D_ARM_WINAPI_PARTITION_DESKTOP_SDK_AVAILABLE -MTd -I.\ext\fts3 -I.\ext\rtree -I.\ext\session -DSQLITE_ENABLE_API_ARMOR=1 -DSQLITE_DEBUG=1 -DSQLITE_FORCE_OS_TRACE=1 -DSQLITE_DEBUG_OS_TRACE=1 -D_CRT_SECURE_NO_DEPRECATE -D_CRT_SECURE_NO_WARNINGS -D_CRT_NONSTDC_NO_DEPRECATE -D_CRT_NONSTDC_NO_WARNINGS -DSQLITE_THREADSAFE=1 -DSQLITE_THREAD_OVERRIDE_LOCK=-1 -DSQLITE_TEMP_STORE=1  -DSQLITE_MAX_TRIGGER_DEPTH=100  -DSQLITE_ENABLE_FTS3=1 -DSQLITE_ENABLE_RTREE=1 -DSQLITE_ENABLE_COLUMN_METADATA=1  -DSQLITE_ENABLE_FTS4=1 -DSQLITE_SYSTEM_MALLOC=1 -DSQLITE_OMIT_LOCALTIME=1  -D_DEBUG -Od -Zi -Fodbstat.lo  -DSQLITE_API=__declspec(dllexport) -c .\src\dbstat.c
  dbstat.c
  	cl -nologo -W3   -DSQLITE_OS_WIN=1 -I. -I. -I.\src -fp:precise /d2guard4 -D_ARM_WINAPI_PARTITION_DESKTOP_SDK_AVAILABLE -MTd -I.\ext\fts3 -I.\ext\rtree -I.\ext\session -DSQLITE_ENABLE_API_ARMOR=1 -DSQLITE_DEBUG=1 -DSQLITE_FORCE_OS_TRACE=1 -DSQLITE_DEBUG_OS_TRACE=1 -D_CRT_SECURE_NO_DEPRECATE -D_CRT_SECURE_NO_WARNINGS -D_CRT_NONSTDC_NO_DEPRECATE -D_CRT_NONSTDC_NO_WARNINGS -DSQLITE_THREADSAFE=1 -DSQLITE_THREAD_OVERRIDE_LOCK=-1 -DSQLITE_TEMP_STORE=1  -DSQLITE_MAX_TRIGGER_DEPTH=100  -DSQLITE_ENABLE_FTS3=1 -DSQLITE_ENABLE_RTREE=1 -DSQLITE_ENABLE_COLUMN_METADATA=1  -DSQLITE_ENABLE_FTS4=1 -DSQLITE_SYSTEM_MALLOC=1 -DSQLITE_OMIT_LOCALTIME=1  -D_DEBUG -Od -Zi -Fodelete.lo  -DSQLITE_API=__declspec(dllexport) -c .\src\delete.c
  delete.c
  	cl -nologo -W3   -DSQLITE_OS_WIN=1 -I. -I. -I.\src -fp:precise /d2guard4 -D_ARM_WINAPI_PARTITION_DESKTOP_SDK_AVAILABLE -MTd -I.\ext\fts3 -I.\ext\rtree -I.\ext\session -DSQLITE_ENABLE_API_ARMOR=1 -DSQLITE_DEBUG=1 -DSQLITE_FORCE_OS_TRACE=1 -DSQLITE_DEBUG_OS_TRACE=1 -D_CRT_SECURE_NO_DEPRECATE -D_CRT_SECURE_NO_WARNINGS -D_CRT_NONSTDC_NO_DEPRECATE -D_CRT_NONSTDC_NO_WARNINGS -DSQLITE_THREADSAFE=1 -DSQLITE_THREAD_OVERRIDE_LOCK=-1 -DSQLITE_TEMP_STORE=1  -DSQLITE_MAX_TRIGGER_DEPTH=100  -DSQLITE_ENABLE_FTS3=1 -DSQLITE_ENABLE_RTREE=1 -DSQLITE_ENABLE_COLUMN_METADATA=1  -DSQLITE_ENABLE_FTS4=1 -DSQLITE_SYSTEM_MALLOC=1 -DSQLITE_OMIT_LOCALTIME=1  -D_DEBUG -Od -Zi -Foexpr.lo  -DSQLITE_API=__declspec(dllexport) -c .\src\expr.c
  expr.c
.\src\expr.c(1702): warning C4101: 'i' : variable locale non référencée
.\src\expr.c(3528): warning C4013: 'sqlite3VdbeSetNumVar' non défini(e) ; extern retournant int pris par défaut
.\src\expr.c(3414): warning C4101: 'vNVar' : variable locale non référencée
.\src\expr.c(4920): warning C4554: '|' : vérifiez la priorité des opérateurs comme cause possible d'erreur ; utilisez des parenthèses pour rendre plus claires les priorités
  	cl -nologo -W3   -DSQLITE_OS_WIN=1 -I. -I. -I.\src -fp:precise /d2guard4 -D_ARM_WINAPI_PARTITION_DESKTOP_SDK_AVAILABLE -MTd -I.\ext\fts3 -I.\ext\rtree -I.\ext\session -DSQLITE_ENABLE_API_ARMOR=1 -DSQLITE_DEBUG=1 -DSQLITE_FORCE_OS_TRACE=1 -DSQLITE_DEBUG_OS_TRACE=1 -D_CRT_SECURE_NO_DEPRECATE -D_CRT_SECURE_NO_WARNINGS -D_CRT_NONSTDC_NO_DEPRECATE -D_CRT_NONSTDC_NO_WARNINGS -DSQLITE_THREADSAFE=1 -DSQLITE_THREAD_OVERRIDE_LOCK=-1 -DSQLITE_TEMP_STORE=1  -DSQLITE_MAX_TRIGGER_DEPTH=100  -DSQLITE_ENABLE_FTS3=1 -DSQLITE_ENABLE_RTREE=1 -DSQLITE_ENABLE_COLUMN_METADATA=1  -DSQLITE_ENABLE_FTS4=1 -DSQLITE_SYSTEM_MALLOC=1 -DSQLITE_OMIT_LOCALTIME=1  -D_DEBUG -Od -Zi -Fofault.lo  -DSQLITE_API=__declspec(dllexport) -c .\src\fault.c
  fault.c
  	cl -nologo -W3   -DSQLITE_OS_WIN=1 -I. -I. -I.\src -fp:precise /d2guard4 -D_ARM_WINAPI_PARTITION_DESKTOP_SDK_AVAILABLE -MTd -I.\ext\fts3 -I.\ext\rtree -I.\ext\session -DSQLITE_ENABLE_API_ARMOR=1 -DSQLITE_DEBUG=1 -DSQLITE_FORCE_OS_TRACE=1 -DSQLITE_DEBUG_OS_TRACE=1 -D_CRT_SECURE_NO_DEPRECATE -D_CRT_SECURE_NO_WARNINGS -D_CRT_NONSTDC_NO_DEPRECATE -D_CRT_NONSTDC_NO_WARNINGS -DSQLITE_THREADSAFE=1 -DSQLITE_THREAD_OVERRIDE_LOCK=-1 -DSQLITE_TEMP_STORE=1  -DSQLITE_MAX_TRIGGER_DEPTH=100  -DSQLITE_ENABLE_FTS3=1 -DSQLITE_ENABLE_RTREE=1 -DSQLITE_ENABLE_COLUMN_METADATA=1  -DSQLITE_ENABLE_FTS4=1 -DSQLITE_SYSTEM_MALLOC=1 -DSQLITE_OMIT_LOCALTIME=1  -D_DEBUG -Od -Zi -Fofkey.lo  -DSQLITE_API=__declspec(dllexport) -c .\src\fkey.c
  fkey.c
  	cl -nologo -W3   -DSQLITE_OS_WIN=1 -I. -I. -I.\src -fp:precise /d2guard4 -D_ARM_WINAPI_PARTITION_DESKTOP_SDK_AVAILABLE -MTd -I.\ext\fts3 -I.\ext\rtree -I.\ext\session -DSQLITE_ENABLE_API_ARMOR=1 -DSQLITE_DEBUG=1 -DSQLITE_FORCE_OS_TRACE=1 -DSQLITE_DEBUG_OS_TRACE=1 -D_CRT_SECURE_NO_DEPRECATE -D_CRT_SECURE_NO_WARNINGS -D_CRT_NONSTDC_NO_DEPRECATE -D_CRT_NONSTDC_NO_WARNINGS -DSQLITE_THREADSAFE=1 -DSQLITE_THREAD_OVERRIDE_LOCK=-1 -DSQLITE_TEMP_STORE=1  -DSQLITE_MAX_TRIGGER_DEPTH=100  -DSQLITE_ENABLE_FTS3=1 -DSQLITE_ENABLE_RTREE=1 -DSQLITE_ENABLE_COLUMN_METADATA=1  -DSQLITE_ENABLE_FTS4=1 -DSQLITE_SYSTEM_MALLOC=1 -DSQLITE_OMIT_LOCALTIME=1  -D_DEBUG -Od -Zi -Fofts3.lo  -DSQLITE_API=__declspec(dllexport)  -DSQLITE_CORE -c .\ext\fts3\fts3.c
  fts3.c
  	cl -nologo -W3   -DSQLITE_OS_WIN=1 -I. -I. -I.\src -fp:precise /d2guard4 -D_ARM_WINAPI_PARTITION_DESKTOP_SDK_AVAILABLE -MTd -I.\ext\fts3 -I.\ext\rtree -I.\ext\session -DSQLITE_ENABLE_API_ARMOR=1 -DSQLITE_DEBUG=1 -DSQLITE_FORCE_OS_TRACE=1 -DSQLITE_DEBUG_OS_TRACE=1 -D_CRT_SECURE_NO_DEPRECATE -D_CRT_SECURE_NO_WARNINGS -D_CRT_NONSTDC_NO_DEPRECATE -D_CRT_NONSTDC_NO_WARNINGS -DSQLITE_THREADSAFE=1 -DSQLITE_THREAD_OVERRIDE_LOCK=-1 -DSQLITE_TEMP_STORE=1  -DSQLITE_MAX_TRIGGER_DEPTH=100  -DSQLITE_ENABLE_FTS3=1 -DSQLITE_ENABLE_RTREE=1 -DSQLITE_ENABLE_COLUMN_METADATA=1  -DSQLITE_ENABLE_FTS4=1 -DSQLITE_SYSTEM_MALLOC=1 -DSQLITE_OMIT_LOCALTIME=1  -D_DEBUG -Od -Zi -Fofts3_aux.lo  -DSQLITE_API=__declspec(dllexport)  -DSQLITE_CORE -c .\ext\fts3\fts3_aux.c
  fts3_aux.c
  	cl -nologo -W3   -DSQLITE_OS_WIN=1 -I. -I. -I.\src -fp:precise /d2guard4 -D_ARM_WINAPI_PARTITION_DESKTOP_SDK_AVAILABLE -MTd -I.\ext\fts3 -I.\ext\rtree -I.\ext\session -DSQLITE_ENABLE_API_ARMOR=1 -DSQLITE_DEBUG=1 -DSQLITE_FORCE_OS_TRACE=1 -DSQLITE_DEBUG_OS_TRACE=1 -D_CRT_SECURE_NO_DEPRECATE -D_CRT_SECURE_NO_WARNINGS -D_CRT_NONSTDC_NO_DEPRECATE -D_CRT_NONSTDC_NO_WARNINGS -DSQLITE_THREADSAFE=1 -DSQLITE_THREAD_OVERRIDE_LOCK=-1 -DSQLITE_TEMP_STORE=1  -DSQLITE_MAX_TRIGGER_DEPTH=100  -DSQLITE_ENABLE_FTS3=1 -DSQLITE_ENABLE_RTREE=1 -DSQLITE_ENABLE_COLUMN_METADATA=1  -DSQLITE_ENABLE_FTS4=1 -DSQLITE_SYSTEM_MALLOC=1 -DSQLITE_OMIT_LOCALTIME=1  -D_DEBUG -Od -Zi -Fofts3_expr.lo  -DSQLITE_API=__declspec(dllexport)  -DSQLITE_CORE -c .\ext\fts3\fts3_expr.c
  fts3_expr.c
  	cl -nologo -W3   -DSQLITE_OS_WIN=1 -I. -I. -I.\src -fp:precise /d2guard4 -D_ARM_WINAPI_PARTITION_DESKTOP_SDK_AVAILABLE -MTd -I.\ext\fts3 -I.\ext\rtree -I.\ext\session -DSQLITE_ENABLE_API_ARMOR=1 -DSQLITE_DEBUG=1 -DSQLITE_FORCE_OS_TRACE=1 -DSQLITE_DEBUG_OS_TRACE=1 -D_CRT_SECURE_NO_DEPRECATE -D_CRT_SECURE_NO_WARNINGS -D_CRT_NONSTDC_NO_DEPRECATE -D_CRT_NONSTDC_NO_WARNINGS -DSQLITE_THREADSAFE=1 -DSQLITE_THREAD_OVERRIDE_LOCK=-1 -DSQLITE_TEMP_STORE=1  -DSQLITE_MAX_TRIGGER_DEPTH=100  -DSQLITE_ENABLE_FTS3=1 -DSQLITE_ENABLE_RTREE=1 -DSQLITE_ENABLE_COLUMN_METADATA=1  -DSQLITE_ENABLE_FTS4=1 -DSQLITE_SYSTEM_MALLOC=1 -DSQLITE_OMIT_LOCALTIME=1  -D_DEBUG -Od -Zi -Fofts3_hash.lo  -DSQLITE_API=__declspec(dllexport)  -DSQLITE_CORE -c .\ext\fts3\fts3_hash.c
  fts3_hash.c
  	cl -nologo -W3   -DSQLITE_OS_WIN=1 -I. -I. -I.\src -fp:precise /d2guard4 -D_ARM_WINAPI_PARTITION_DESKTOP_SDK_AVAILABLE -MTd -I.\ext\fts3 -I.\ext\rtree -I.\ext\session -DSQLITE_ENABLE_API_ARMOR=1 -DSQLITE_DEBUG=1 -DSQLITE_FORCE_OS_TRACE=1 -DSQLITE_DEBUG_OS_TRACE=1 -D_CRT_SECURE_NO_DEPRECATE -D_CRT_SECURE_NO_WARNINGS -D_CRT_NONSTDC_NO_DEPRECATE -D_CRT_NONSTDC_NO_WARNINGS -DSQLITE_THREADSAFE=1 -DSQLITE_THREAD_OVERRIDE_LOCK=-1 -DSQLITE_TEMP_STORE=1  -DSQLITE_MAX_TRIGGER_DEPTH=100  -DSQLITE_ENABLE_FTS3=1 -DSQLITE_ENABLE_RTREE=1 -DSQLITE_ENABLE_COLUMN_METADATA=1  -DSQLITE_ENABLE_FTS4=1 -DSQLITE_SYSTEM_MALLOC=1 -DSQLITE_OMIT_LOCALTIME=1  -D_DEBUG -Od -Zi -Fofts3_icu.lo  -DSQLITE_API=__declspec(dllexport)  -DSQLITE_CORE -c .\ext\fts3\fts3_icu.c
  fts3_icu.c
  	cl -nologo -W3   -DSQLITE_OS_WIN=1 -I. -I. -I.\src -fp:precise /d2guard4 -D_ARM_WINAPI_PARTITION_DESKTOP_SDK_AVAILABLE -MTd -I.\ext\fts3 -I.\ext\rtree -I.\ext\session -DSQLITE_ENABLE_API_ARMOR=1 -DSQLITE_DEBUG=1 -DSQLITE_FORCE_OS_TRACE=1 -DSQLITE_DEBUG_OS_TRACE=1 -D_CRT_SECURE_NO_DEPRECATE -D_CRT_SECURE_NO_WARNINGS -D_CRT_NONSTDC_NO_DEPRECATE -D_CRT_NONSTDC_NO_WARNINGS -DSQLITE_THREADSAFE=1 -DSQLITE_THREAD_OVERRIDE_LOCK=-1 -DSQLITE_TEMP_STORE=1  -DSQLITE_MAX_TRIGGER_DEPTH=100  -DSQLITE_ENABLE_FTS3=1 -DSQLITE_ENABLE_RTREE=1 -DSQLITE_ENABLE_COLUMN_METADATA=1  -DSQLITE_ENABLE_FTS4=1 -DSQLITE_SYSTEM_MALLOC=1 -DSQLITE_OMIT_LOCALTIME=1  -D_DEBUG -Od -Zi -Fofts3_porter.lo  -DSQLITE_API=__declspec(dllexport)  -DSQLITE_CORE -c .\ext\fts3\fts3_porter.c
  fts3_porter.c
  	cl -nologo -W3   -DSQLITE_OS_WIN=1 -I. -I. -I.\src -fp:precise /d2guard4 -D_ARM_WINAPI_PARTITION_DESKTOP_SDK_AVAILABLE -MTd -I.\ext\fts3 -I.\ext\rtree -I.\ext\session -DSQLITE_ENABLE_API_ARMOR=1 -DSQLITE_DEBUG=1 -DSQLITE_FORCE_OS_TRACE=1 -DSQLITE_DEBUG_OS_TRACE=1 -D_CRT_SECURE_NO_DEPRECATE -D_CRT_SECURE_NO_WARNINGS -D_CRT_NONSTDC_NO_DEPRECATE -D_CRT_NONSTDC_NO_WARNINGS -DSQLITE_THREADSAFE=1 -DSQLITE_THREAD_OVERRIDE_LOCK=-1 -DSQLITE_TEMP_STORE=1  -DSQLITE_MAX_TRIGGER_DEPTH=100  -DSQLITE_ENABLE_FTS3=1 -DSQLITE_ENABLE_RTREE=1 -DSQLITE_ENABLE_COLUMN_METADATA=1  -DSQLITE_ENABLE_FTS4=1 -DSQLITE_SYSTEM_MALLOC=1 -DSQLITE_OMIT_LOCALTIME=1  -D_DEBUG -Od -Zi -Fofts3_snippet.lo  -DSQLITE_API=__declspec(dllexport)  -DSQLITE_CORE -c .\ext\fts3\fts3_snippet.c
  fts3_snippet.c
.\ext\fts3\fts3_snippet.c(139): warning C4244: '=' : conversion de '__int64' en 'u32', perte possible de données
  	cl -nologo -W3   -DSQLITE_OS_WIN=1 -I. -I. -I.\src -fp:precise /d2guard4 -D_ARM_WINAPI_PARTITION_DESKTOP_SDK_AVAILABLE -MTd -I.\ext\fts3 -I.\ext\rtree -I.\ext\session -DSQLITE_ENABLE_API_ARMOR=1 -DSQLITE_DEBUG=1 -DSQLITE_FORCE_OS_TRACE=1 -DSQLITE_DEBUG_OS_TRACE=1 -D_CRT_SECURE_NO_DEPRECATE -D_CRT_SECURE_NO_WARNINGS -D_CRT_NONSTDC_NO_DEPRECATE -D_CRT_NONSTDC_NO_WARNINGS -DSQLITE_THREADSAFE=1 -DSQLITE_THREAD_OVERRIDE_LOCK=-1 -DSQLITE_TEMP_STORE=1  -DSQLITE_MAX_TRIGGER_DEPTH=100  -DSQLITE_ENABLE_FTS3=1 -DSQLITE_ENABLE_RTREE=1 -DSQLITE_ENABLE_COLUMN_METADATA=1  -DSQLITE_ENABLE_FTS4=1 -DSQLITE_SYSTEM_MALLOC=1 -DSQLITE_OMIT_LOCALTIME=1  -D_DEBUG -Od -Zi -Fofts3_tokenizer.lo  -DSQLITE_API=__declspec(dllexport)  -DSQLITE_CORE -c .\ext\fts3\fts3_tokenizer.c
  fts3_tokenizer.c
  	cl -nologo -W3   -DSQLITE_OS_WIN=1 -I. -I. -I.\src -fp:precise /d2guard4 -D_ARM_WINAPI_PARTITION_DESKTOP_SDK_AVAILABLE -MTd -I.\ext\fts3 -I.\ext\rtree -I.\ext\session -DSQLITE_ENABLE_API_ARMOR=1 -DSQLITE_DEBUG=1 -DSQLITE_FORCE_OS_TRACE=1 -DSQLITE_DEBUG_OS_TRACE=1 -D_CRT_SECURE_NO_DEPRECATE -D_CRT_SECURE_NO_WARNINGS -D_CRT_NONSTDC_NO_DEPRECATE -D_CRT_NONSTDC_NO_WARNINGS -DSQLITE_THREADSAFE=1 -DSQLITE_THREAD_OVERRIDE_LOCK=-1 -DSQLITE_TEMP_STORE=1  -DSQLITE_MAX_TRIGGER_DEPTH=100  -DSQLITE_ENABLE_FTS3=1 -DSQLITE_ENABLE_RTREE=1 -DSQLITE_ENABLE_COLUMN_METADATA=1  -DSQLITE_ENABLE_FTS4=1 -DSQLITE_SYSTEM_MALLOC=1 -DSQLITE_OMIT_LOCALTIME=1  -D_DEBUG -Od -Zi -Fofts3_tokenizer1.lo  -DSQLITE_API=__declspec(dllexport)  -DSQLITE_CORE -c .\ext\fts3\fts3_tokenizer1.c
  fts3_tokenizer1.c
  	cl -nologo -W3   -DSQLITE_OS_WIN=1 -I. -I. -I.\src -fp:precise /d2guard4 -D_ARM_WINAPI_PARTITION_DESKTOP_SDK_AVAILABLE -MTd -I.\ext\fts3 -I.\ext\rtree -I.\ext\session -DSQLITE_ENABLE_API_ARMOR=1 -DSQLITE_DEBUG=1 -DSQLITE_FORCE_OS_TRACE=1 -DSQLITE_DEBUG_OS_TRACE=1 -D_CRT_SECURE_NO_DEPRECATE -D_CRT_SECURE_NO_WARNINGS -D_CRT_NONSTDC_NO_DEPRECATE -D_CRT_NONSTDC_NO_WARNINGS -DSQLITE_THREADSAFE=1 -DSQLITE_THREAD_OVERRIDE_LOCK=-1 -DSQLITE_TEMP_STORE=1  -DSQLITE_MAX_TRIGGER_DEPTH=100  -DSQLITE_ENABLE_FTS3=1 -DSQLITE_ENABLE_RTREE=1 -DSQLITE_ENABLE_COLUMN_METADATA=1  -DSQLITE_ENABLE_FTS4=1 -DSQLITE_SYSTEM_MALLOC=1 -DSQLITE_OMIT_LOCALTIME=1  -D_DEBUG -Od -Zi -Fofts3_tokenize_vtab.lo  -DSQLITE_API=__declspec(dllexport)  -DSQLITE_CORE -c .\ext\fts3\fts3_tokenize_vtab.c
  fts3_tokenize_vtab.c
  	cl -nologo -W3   -DSQLITE_OS_WIN=1 -I. -I. -I.\src -fp:precise /d2guard4 -D_ARM_WINAPI_PARTITION_DESKTOP_SDK_AVAILABLE -MTd -I.\ext\fts3 -I.\ext\rtree -I.\ext\session -DSQLITE_ENABLE_API_ARMOR=1 -DSQLITE_DEBUG=1 -DSQLITE_FORCE_OS_TRACE=1 -DSQLITE_DEBUG_OS_TRACE=1 -D_CRT_SECURE_NO_DEPRECATE -D_CRT_SECURE_NO_WARNINGS -D_CRT_NONSTDC_NO_DEPRECATE -D_CRT_NONSTDC_NO_WARNINGS -DSQLITE_THREADSAFE=1 -DSQLITE_THREAD_OVERRIDE_LOCK=-1 -DSQLITE_TEMP_STORE=1  -DSQLITE_MAX_TRIGGER_DEPTH=100  -DSQLITE_ENABLE_FTS3=1 -DSQLITE_ENABLE_RTREE=1 -DSQLITE_ENABLE_COLUMN_METADATA=1  -DSQLITE_ENABLE_FTS4=1 -DSQLITE_SYSTEM_MALLOC=1 -DSQLITE_OMIT_LOCALTIME=1  -D_DEBUG -Od -Zi -Fofts3_unicode.lo  -DSQLITE_API=__declspec(dllexport)  -DSQLITE_CORE -c .\ext\fts3\fts3_unicode.c
  fts3_unicode.c
  	cl -nologo -W3   -DSQLITE_OS_WIN=1 -I. -I. -I.\src -fp:precise /d2guard4 -D_ARM_WINAPI_PARTITION_DESKTOP_SDK_AVAILABLE -MTd -I.\ext\fts3 -I.\ext\rtree -I.\ext\session -DSQLITE_ENABLE_API_ARMOR=1 -DSQLITE_DEBUG=1 -DSQLITE_FORCE_OS_TRACE=1 -DSQLITE_DEBUG_OS_TRACE=1 -D_CRT_SECURE_NO_DEPRECATE -D_CRT_SECURE_NO_WARNINGS -D_CRT_NONSTDC_NO_DEPRECATE -D_CRT_NONSTDC_NO_WARNINGS -DSQLITE_THREADSAFE=1 -DSQLITE_THREAD_OVERRIDE_LOCK=-1 -DSQLITE_TEMP_STORE=1  -DSQLITE_MAX_TRIGGER_DEPTH=100  -DSQLITE_ENABLE_FTS3=1 -DSQLITE_ENABLE_RTREE=1 -DSQLITE_ENABLE_COLUMN_METADATA=1  -DSQLITE_ENABLE_FTS4=1 -DSQLITE_SYSTEM_MALLOC=1 -DSQLITE_OMIT_LOCALTIME=1  -D_DEBUG -Od -Zi -Fofts3_unicode2.lo  -DSQLITE_API=__declspec(dllexport)  -DSQLITE_CORE -c .\ext\fts3\fts3_unicode2.c
  fts3_unicode2.c
  	cl -nologo -W3   -DSQLITE_OS_WIN=1 -I. -I. -I.\src -fp:precise /d2guard4 -D_ARM_WINAPI_PARTITION_DESKTOP_SDK_AVAILABLE -MTd -I.\ext\fts3 -I.\ext\rtree -I.\ext\session -DSQLITE_ENABLE_API_ARMOR=1 -DSQLITE_DEBUG=1 -DSQLITE_FORCE_OS_TRACE=1 -DSQLITE_DEBUG_OS_TRACE=1 -D_CRT_SECURE_NO_DEPRECATE -D_CRT_SECURE_NO_WARNINGS -D_CRT_NONSTDC_NO_DEPRECATE -D_CRT_NONSTDC_NO_WARNINGS -DSQLITE_THREADSAFE=1 -DSQLITE_THREAD_OVERRIDE_LOCK=-1 -DSQLITE_TEMP_STORE=1  -DSQLITE_MAX_TRIGGER_DEPTH=100  -DSQLITE_ENABLE_FTS3=1 -DSQLITE_ENABLE_RTREE=1 -DSQLITE_ENABLE_COLUMN_METADATA=1  -DSQLITE_ENABLE_FTS4=1 -DSQLITE_SYSTEM_MALLOC=1 -DSQLITE_OMIT_LOCALTIME=1  -D_DEBUG -Od -Zi -Fofts3_write.lo  -DSQLITE_API=__declspec(dllexport)  -DSQLITE_CORE -c .\ext\fts3\fts3_write.c
  fts3_write.c
  	cl -nologo -W3   -DSQLITE_OS_WIN=1 -I. -I. -I.\src -fp:precise /d2guard4 -D_ARM_WINAPI_PARTITION_DESKTOP_SDK_AVAILABLE -MTd -I.\ext\fts3 -I.\ext\rtree -I.\ext\session -DSQLITE_ENABLE_API_ARMOR=1 -DSQLITE_DEBUG=1 -DSQLITE_FORCE_OS_TRACE=1 -DSQLITE_DEBUG_OS_TRACE=1 -D_CRT_SECURE_NO_DEPRECATE -D_CRT_SECURE_NO_WARNINGS -D_CRT_NONSTDC_NO_DEPRECATE -D_CRT_NONSTDC_NO_WARNINGS -DSQLITE_THREADSAFE=1 -DSQLITE_THREAD_OVERRIDE_LOCK=-1 -DSQLITE_TEMP_STORE=1  -DSQLITE_MAX_TRIGGER_DEPTH=100  -DSQLITE_ENABLE_FTS3=1 -DSQLITE_ENABLE_RTREE=1 -DSQLITE_ENABLE_COLUMN_METADATA=1  -DSQLITE_ENABLE_FTS4=1 -DSQLITE_SYSTEM_MALLOC=1 -DSQLITE_OMIT_LOCALTIME=1  -D_DEBUG -Od -Zi -Fofts5.lo  -DSQLITE_API=__declspec(dllexport)  -DSQLITE_CORE -c fts5.c
  fts5.c
  	cl -nologo -W3   -DSQLITE_OS_WIN=1 -I. -I. -I.\src -fp:precise /d2guard4 -D_ARM_WINAPI_PARTITION_DESKTOP_SDK_AVAILABLE -MTd -I.\ext\fts3 -I.\ext\rtree -I.\ext\session -DSQLITE_ENABLE_API_ARMOR=1 -DSQLITE_DEBUG=1 -DSQLITE_FORCE_OS_TRACE=1 -DSQLITE_DEBUG_OS_TRACE=1 -D_CRT_SECURE_NO_DEPRECATE -D_CRT_SECURE_NO_WARNINGS -D_CRT_NONSTDC_NO_DEPRECATE -D_CRT_NONSTDC_NO_WARNINGS -DSQLITE_THREADSAFE=1 -DSQLITE_THREAD_OVERRIDE_LOCK=-1 -DSQLITE_TEMP_STORE=1  -DSQLITE_MAX_TRIGGER_DEPTH=100  -DSQLITE_ENABLE_FTS3=1 -DSQLITE_ENABLE_RTREE=1 -DSQLITE_ENABLE_COLUMN_METADATA=1  -DSQLITE_ENABLE_FTS4=1 -DSQLITE_SYSTEM_MALLOC=1 -DSQLITE_OMIT_LOCALTIME=1  -D_DEBUG -Od -Zi -Fofunc.lo  -DSQLITE_API=__declspec(dllexport) -c .\src\func.c
  func.c
.\src\func.c(1658): warning C4133: 'fonction' : types incompatibles - de 'CntProgressCtx *' à 'sqlite3_context *'
  	cl -nologo -W3   -DSQLITE_OS_WIN=1 -I. -I. -I.\src -fp:precise /d2guard4 -D_ARM_WINAPI_PARTITION_DESKTOP_SDK_AVAILABLE -MTd -I.\ext\fts3 -I.\ext\rtree -I.\ext\session -DSQLITE_ENABLE_API_ARMOR=1 -DSQLITE_DEBUG=1 -DSQLITE_FORCE_OS_TRACE=1 -DSQLITE_DEBUG_OS_TRACE=1 -D_CRT_SECURE_NO_DEPRECATE -D_CRT_SECURE_NO_WARNINGS -D_CRT_NONSTDC_NO_DEPRECATE -D_CRT_NONSTDC_NO_WARNINGS -DSQLITE_THREADSAFE=1 -DSQLITE_THREAD_OVERRIDE_LOCK=-1 -DSQLITE_TEMP_STORE=1  -DSQLITE_MAX_TRIGGER_DEPTH=100  -DSQLITE_ENABLE_FTS3=1 -DSQLITE_ENABLE_RTREE=1 -DSQLITE_ENABLE_COLUMN_METADATA=1  -DSQLITE_ENABLE_FTS4=1 -DSQLITE_SYSTEM_MALLOC=1 -DSQLITE_OMIT_LOCALTIME=1  -D_DEBUG -Od -Zi -Foglobal.lo  -DSQLITE_API=__declspec(dllexport) -c .\src\global.c
  global.c
  	cl -nologo -W3   -DSQLITE_OS_WIN=1 -I. -I. -I.\src -fp:precise /d2guard4 -D_ARM_WINAPI_PARTITION_DESKTOP_SDK_AVAILABLE -MTd -I.\ext\fts3 -I.\ext\rtree -I.\ext\session -DSQLITE_ENABLE_API_ARMOR=1 -DSQLITE_DEBUG=1 -DSQLITE_FORCE_OS_TRACE=1 -DSQLITE_DEBUG_OS_TRACE=1 -D_CRT_SECURE_NO_DEPRECATE -D_CRT_SECURE_NO_WARNINGS -D_CRT_NONSTDC_NO_DEPRECATE -D_CRT_NONSTDC_NO_WARNINGS -DSQLITE_THREADSAFE=1 -DSQLITE_THREAD_OVERRIDE_LOCK=-1 -DSQLITE_TEMP_STORE=1  -DSQLITE_MAX_TRIGGER_DEPTH=100  -DSQLITE_ENABLE_FTS3=1 -DSQLITE_ENABLE_RTREE=1 -DSQLITE_ENABLE_COLUMN_METADATA=1  -DSQLITE_ENABLE_FTS4=1 -DSQLITE_SYSTEM_MALLOC=1 -DSQLITE_OMIT_LOCALTIME=1  -D_DEBUG -Od -Zi -Fohash.lo  -DSQLITE_API=__declspec(dllexport) -c .\src\hash.c
  hash.c
  	cl -nologo -W3   -DSQLITE_OS_WIN=1 -I. -I. -I.\src -fp:precise /d2guard4 -D_ARM_WINAPI_PARTITION_DESKTOP_SDK_AVAILABLE -MTd -I.\ext\fts3 -I.\ext\rtree -I.\ext\session -DSQLITE_ENABLE_API_ARMOR=1 -DSQLITE_DEBUG=1 -DSQLITE_FORCE_OS_TRACE=1 -DSQLITE_DEBUG_OS_TRACE=1 -D_CRT_SECURE_NO_DEPRECATE -D_CRT_SECURE_NO_WARNINGS -D_CRT_NONSTDC_NO_DEPRECATE -D_CRT_NONSTDC_NO_WARNINGS -DSQLITE_THREADSAFE=1 -DSQLITE_THREAD_OVERRIDE_LOCK=-1 -DSQLITE_TEMP_STORE=1  -DSQLITE_MAX_TRIGGER_DEPTH=100  -DSQLITE_ENABLE_FTS3=1 -DSQLITE_ENABLE_RTREE=1 -DSQLITE_ENABLE_COLUMN_METADATA=1  -DSQLITE_ENABLE_FTS4=1 -DSQLITE_SYSTEM_MALLOC=1 -DSQLITE_OMIT_LOCALTIME=1  -D_DEBUG -Od -Zi -Foicu.lo  -DSQLITE_API=__declspec(dllexport)  -DSQLITE_CORE -c .\ext\icu\icu.c
  icu.c
  	cl -nologo -W3   -DSQLITE_OS_WIN=1 -I. -I. -I.\src -fp:precise /d2guard4 -D_ARM_WINAPI_PARTITION_DESKTOP_SDK_AVAILABLE -MTd -I.\ext\fts3 -I.\ext\rtree -I.\ext\session -DSQLITE_ENABLE_API_ARMOR=1 -DSQLITE_DEBUG=1 -DSQLITE_FORCE_OS_TRACE=1 -DSQLITE_DEBUG_OS_TRACE=1 -D_CRT_SECURE_NO_DEPRECATE -D_CRT_SECURE_NO_WARNINGS -D_CRT_NONSTDC_NO_DEPRECATE -D_CRT_NONSTDC_NO_WARNINGS -DSQLITE_THREADSAFE=1 -DSQLITE_THREAD_OVERRIDE_LOCK=-1 -DSQLITE_TEMP_STORE=1  -DSQLITE_MAX_TRIGGER_DEPTH=100  -DSQLITE_ENABLE_FTS3=1 -DSQLITE_ENABLE_RTREE=1 -DSQLITE_ENABLE_COLUMN_METADATA=1  -DSQLITE_ENABLE_FTS4=1 -DSQLITE_SYSTEM_MALLOC=1 -DSQLITE_OMIT_LOCALTIME=1  -D_DEBUG -Od -Zi -Foinsert.lo  -DSQLITE_API=__declspec(dllexport) -c .\src\insert.c
  insert.c
  	cl -nologo -W3   -DSQLITE_OS_WIN=1 -I. -I. -I.\src -fp:precise /d2guard4 -D_ARM_WINAPI_PARTITION_DESKTOP_SDK_AVAILABLE -MTd -I.\ext\fts3 -I.\ext\rtree -I.\ext\session -DSQLITE_ENABLE_API_ARMOR=1 -DSQLITE_DEBUG=1 -DSQLITE_FORCE_OS_TRACE=1 -DSQLITE_DEBUG_OS_TRACE=1 -D_CRT_SECURE_NO_DEPRECATE -D_CRT_SECURE_NO_WARNINGS -D_CRT_NONSTDC_NO_DEPRECATE -D_CRT_NONSTDC_NO_WARNINGS -DSQLITE_THREADSAFE=1 -DSQLITE_THREAD_OVERRIDE_LOCK=-1 -DSQLITE_TEMP_STORE=1  -DSQLITE_MAX_TRIGGER_DEPTH=100  -DSQLITE_ENABLE_FTS3=1 -DSQLITE_ENABLE_RTREE=1 -DSQLITE_ENABLE_COLUMN_METADATA=1  -DSQLITE_ENABLE_FTS4=1 -DSQLITE_SYSTEM_MALLOC=1 -DSQLITE_OMIT_LOCALTIME=1  -D_DEBUG -Od -Zi -Folegacy.lo  -DSQLITE_API=__declspec(dllexport) -c .\src\legacy.c
  legacy.c
  	cl -nologo -W3   -DSQLITE_OS_WIN=1 -I. -I. -I.\src -fp:precise /d2guard4 -D_ARM_WINAPI_PARTITION_DESKTOP_SDK_AVAILABLE -MTd -I.\ext\fts3 -I.\ext\rtree -I.\ext\session -DSQLITE_ENABLE_API_ARMOR=1 -DSQLITE_DEBUG=1 -DSQLITE_FORCE_OS_TRACE=1 -DSQLITE_DEBUG_OS_TRACE=1 -D_CRT_SECURE_NO_DEPRECATE -D_CRT_SECURE_NO_WARNINGS -D_CRT_NONSTDC_NO_DEPRECATE -D_CRT_NONSTDC_NO_WARNINGS -DSQLITE_THREADSAFE=1 -DSQLITE_THREAD_OVERRIDE_LOCK=-1 -DSQLITE_TEMP_STORE=1  -DSQLITE_MAX_TRIGGER_DEPTH=100  -DSQLITE_ENABLE_FTS3=1 -DSQLITE_ENABLE_RTREE=1 -DSQLITE_ENABLE_COLUMN_METADATA=1  -DSQLITE_ENABLE_FTS4=1 -DSQLITE_SYSTEM_MALLOC=1 -DSQLITE_OMIT_LOCALTIME=1  -D_DEBUG -Od -Zi -Foloadext.lo  -DSQLITE_API=__declspec(dllexport) -c .\src\loadext.c
  loadext.c
  	cl -nologo -W3   -DSQLITE_OS_WIN=1 -I. -I. -I.\src -fp:precise /d2guard4 -D_ARM_WINAPI_PARTITION_DESKTOP_SDK_AVAILABLE -MTd -I.\ext\fts3 -I.\ext\rtree -I.\ext\session -DSQLITE_ENABLE_API_ARMOR=1 -DSQLITE_DEBUG=1 -DSQLITE_FORCE_OS_TRACE=1 -DSQLITE_DEBUG_OS_TRACE=1 -D_CRT_SECURE_NO_DEPRECATE -D_CRT_SECURE_NO_WARNINGS -D_CRT_NONSTDC_NO_DEPRECATE -D_CRT_NONSTDC_NO_WARNINGS -DSQLITE_THREADSAFE=1 -DSQLITE_THREAD_OVERRIDE_LOCK=-1 -DSQLITE_TEMP_STORE=1  -DSQLITE_MAX_TRIGGER_DEPTH=100  -DSQLITE_ENABLE_FTS3=1 -DSQLITE_ENABLE_RTREE=1 -DSQLITE_ENABLE_COLUMN_METADATA=1  -DSQLITE_ENABLE_FTS4=1 -DSQLITE_SYSTEM_MALLOC=1 -DSQLITE_OMIT_LOCALTIME=1  -D_DEBUG -Od -Zi -Fomain.lo  -DSQLITE_API=__declspec(dllexport) -c .\src\main.c
  main.c
  	cl -nologo -W3   -DSQLITE_OS_WIN=1 -I. -I. -I.\src -fp:precise /d2guard4 -D_ARM_WINAPI_PARTITION_DESKTOP_SDK_AVAILABLE -MTd -I.\ext\fts3 -I.\ext\rtree -I.\ext\session -DSQLITE_ENABLE_API_ARMOR=1 -DSQLITE_DEBUG=1 -DSQLITE_FORCE_OS_TRACE=1 -DSQLITE_DEBUG_OS_TRACE=1 -D_CRT_SECURE_NO_DEPRECATE -D_CRT_SECURE_NO_WARNINGS -D_CRT_NONSTDC_NO_DEPRECATE -D_CRT_NONSTDC_NO_WARNINGS -DSQLITE_THREADSAFE=1 -DSQLITE_THREAD_OVERRIDE_LOCK=-1 -DSQLITE_TEMP_STORE=1  -DSQLITE_MAX_TRIGGER_DEPTH=100  -DSQLITE_ENABLE_FTS3=1 -DSQLITE_ENABLE_RTREE=1 -DSQLITE_ENABLE_COLUMN_METADATA=1  -DSQLITE_ENABLE_FTS4=1 -DSQLITE_SYSTEM_MALLOC=1 -DSQLITE_OMIT_LOCALTIME=1  -D_DEBUG -Od -Zi -Fomalloc.lo  -DSQLITE_API=__declspec(dllexport) -c .\src\malloc.c
  malloc.c
  	cl -nologo -W3   -DSQLITE_OS_WIN=1 -I. -I. -I.\src -fp:precise /d2guard4 -D_ARM_WINAPI_PARTITION_DESKTOP_SDK_AVAILABLE -MTd -I.\ext\fts3 -I.\ext\rtree -I.\ext\session -DSQLITE_ENABLE_API_ARMOR=1 -DSQLITE_DEBUG=1 -DSQLITE_FORCE_OS_TRACE=1 -DSQLITE_DEBUG_OS_TRACE=1 -D_CRT_SECURE_NO_DEPRECATE -D_CRT_SECURE_NO_WARNINGS -D_CRT_NONSTDC_NO_DEPRECATE -D_CRT_NONSTDC_NO_WARNINGS -DSQLITE_THREADSAFE=1 -DSQLITE_THREAD_OVERRIDE_LOCK=-1 -DSQLITE_TEMP_STORE=1  -DSQLITE_MAX_TRIGGER_DEPTH=100  -DSQLITE_ENABLE_FTS3=1 -DSQLITE_ENABLE_RTREE=1 -DSQLITE_ENABLE_COLUMN_METADATA=1  -DSQLITE_ENABLE_FTS4=1 -DSQLITE_SYSTEM_MALLOC=1 -DSQLITE_OMIT_LOCALTIME=1  -D_DEBUG -Od -Zi -Fomem0.lo  -DSQLITE_API=__declspec(dllexport) -c .\src\mem0.c
  mem0.c
  	cl -nologo -W3   -DSQLITE_OS_WIN=1 -I. -I. -I.\src -fp:precise /d2guard4 -D_ARM_WINAPI_PARTITION_DESKTOP_SDK_AVAILABLE -MTd -I.\ext\fts3 -I.\ext\rtree -I.\ext\session -DSQLITE_ENABLE_API_ARMOR=1 -DSQLITE_DEBUG=1 -DSQLITE_FORCE_OS_TRACE=1 -DSQLITE_DEBUG_OS_TRACE=1 -D_CRT_SECURE_NO_DEPRECATE -D_CRT_SECURE_NO_WARNINGS -D_CRT_NONSTDC_NO_DEPRECATE -D_CRT_NONSTDC_NO_WARNINGS -DSQLITE_THREADSAFE=1 -DSQLITE_THREAD_OVERRIDE_LOCK=-1 -DSQLITE_TEMP_STORE=1  -DSQLITE_MAX_TRIGGER_DEPTH=100  -DSQLITE_ENABLE_FTS3=1 -DSQLITE_ENABLE_RTREE=1 -DSQLITE_ENABLE_COLUMN_METADATA=1  -DSQLITE_ENABLE_FTS4=1 -DSQLITE_SYSTEM_MALLOC=1 -DSQLITE_OMIT_LOCALTIME=1  -D_DEBUG -Od -Zi -Fomem1.lo  -DSQLITE_API=__declspec(dllexport) -c .\src\mem1.c
  mem1.c
  	cl -nologo -W3   -DSQLITE_OS_WIN=1 -I. -I. -I.\src -fp:precise /d2guard4 -D_ARM_WINAPI_PARTITION_DESKTOP_SDK_AVAILABLE -MTd -I.\ext\fts3 -I.\ext\rtree -I.\ext\session -DSQLITE_ENABLE_API_ARMOR=1 -DSQLITE_DEBUG=1 -DSQLITE_FORCE_OS_TRACE=1 -DSQLITE_DEBUG_OS_TRACE=1 -D_CRT_SECURE_NO_DEPRECATE -D_CRT_SECURE_NO_WARNINGS -D_CRT_NONSTDC_NO_DEPRECATE -D_CRT_NONSTDC_NO_WARNINGS -DSQLITE_THREADSAFE=1 -DSQLITE_THREAD_OVERRIDE_LOCK=-1 -DSQLITE_TEMP_STORE=1  -DSQLITE_MAX_TRIGGER_DEPTH=100  -DSQLITE_ENABLE_FTS3=1 -DSQLITE_ENABLE_RTREE=1 -DSQLITE_ENABLE_COLUMN_METADATA=1  -DSQLITE_ENABLE_FTS4=1 -DSQLITE_SYSTEM_MALLOC=1 -DSQLITE_OMIT_LOCALTIME=1  -D_DEBUG -Od -Zi -Fomem2.lo  -DSQLITE_API=__declspec(dllexport) -c .\src\mem2.c
  mem2.c
  	cl -nologo -W3   -DSQLITE_OS_WIN=1 -I. -I. -I.\src -fp:precise /d2guard4 -D_ARM_WINAPI_PARTITION_DESKTOP_SDK_AVAILABLE -MTd -I.\ext\fts3 -I.\ext\rtree -I.\ext\session -DSQLITE_ENABLE_API_ARMOR=1 -DSQLITE_DEBUG=1 -DSQLITE_FORCE_OS_TRACE=1 -DSQLITE_DEBUG_OS_TRACE=1 -D_CRT_SECURE_NO_DEPRECATE -D_CRT_SECURE_NO_WARNINGS -D_CRT_NONSTDC_NO_DEPRECATE -D_CRT_NONSTDC_NO_WARNINGS -DSQLITE_THREADSAFE=1 -DSQLITE_THREAD_OVERRIDE_LOCK=-1 -DSQLITE_TEMP_STORE=1  -DSQLITE_MAX_TRIGGER_DEPTH=100  -DSQLITE_ENABLE_FTS3=1 -DSQLITE_ENABLE_RTREE=1 -DSQLITE_ENABLE_COLUMN_METADATA=1  -DSQLITE_ENABLE_FTS4=1 -DSQLITE_SYSTEM_MALLOC=1 -DSQLITE_OMIT_LOCALTIME=1  -D_DEBUG -Od -Zi -Fomem3.lo  -DSQLITE_API=__declspec(dllexport) -c .\src\mem3.c
  mem3.c
  	cl -nologo -W3   -DSQLITE_OS_WIN=1 -I. -I. -I.\src -fp:precise /d2guard4 -D_ARM_WINAPI_PARTITION_DESKTOP_SDK_AVAILABLE -MTd -I.\ext\fts3 -I.\ext\rtree -I.\ext\session -DSQLITE_ENABLE_API_ARMOR=1 -DSQLITE_DEBUG=1 -DSQLITE_FORCE_OS_TRACE=1 -DSQLITE_DEBUG_OS_TRACE=1 -D_CRT_SECURE_NO_DEPRECATE -D_CRT_SECURE_NO_WARNINGS -D_CRT_NONSTDC_NO_DEPRECATE -D_CRT_NONSTDC_NO_WARNINGS -DSQLITE_THREADSAFE=1 -DSQLITE_THREAD_OVERRIDE_LOCK=-1 -DSQLITE_TEMP_STORE=1  -DSQLITE_MAX_TRIGGER_DEPTH=100  -DSQLITE_ENABLE_FTS3=1 -DSQLITE_ENABLE_RTREE=1 -DSQLITE_ENABLE_COLUMN_METADATA=1  -DSQLITE_ENABLE_FTS4=1 -DSQLITE_SYSTEM_MALLOC=1 -DSQLITE_OMIT_LOCALTIME=1  -D_DEBUG -Od -Zi -Fomem5.lo  -DSQLITE_API=__declspec(dllexport) -c .\src\mem5.c
  mem5.c
  	cl -nologo -W3   -DSQLITE_OS_WIN=1 -I. -I. -I.\src -fp:precise /d2guard4 -D_ARM_WINAPI_PARTITION_DESKTOP_SDK_AVAILABLE -MTd -I.\ext\fts3 -I.\ext\rtree -I.\ext\session -DSQLITE_ENABLE_API_ARMOR=1 -DSQLITE_DEBUG=1 -DSQLITE_FORCE_OS_TRACE=1 -DSQLITE_DEBUG_OS_TRACE=1 -D_CRT_SECURE_NO_DEPRECATE -D_CRT_SECURE_NO_WARNINGS -D_CRT_NONSTDC_NO_DEPRECATE -D_CRT_NONSTDC_NO_WARNINGS -DSQLITE_THREADSAFE=1 -DSQLITE_THREAD_OVERRIDE_LOCK=-1 -DSQLITE_TEMP_STORE=1  -DSQLITE_MAX_TRIGGER_DEPTH=100  -DSQLITE_ENABLE_FTS3=1 -DSQLITE_ENABLE_RTREE=1 -DSQLITE_ENABLE_COLUMN_METADATA=1  -DSQLITE_ENABLE_FTS4=1 -DSQLITE_SYSTEM_MALLOC=1 -DSQLITE_OMIT_LOCALTIME=1  -D_DEBUG -Od -Zi -Fomemjournal.lo  -DSQLITE_API=__declspec(dllexport) -c .\src\memjournal.c
  memjournal.c
  	cl -nologo -W3   -DSQLITE_OS_WIN=1 -I. -I. -I.\src -fp:precise /d2guard4 -D_ARM_WINAPI_PARTITION_DESKTOP_SDK_AVAILABLE -MTd -I.\ext\fts3 -I.\ext\rtree -I.\ext\session -DSQLITE_ENABLE_API_ARMOR=1 -DSQLITE_DEBUG=1 -DSQLITE_FORCE_OS_TRACE=1 -DSQLITE_DEBUG_OS_TRACE=1 -D_CRT_SECURE_NO_DEPRECATE -D_CRT_SECURE_NO_WARNINGS -D_CRT_NONSTDC_NO_DEPRECATE -D_CRT_NONSTDC_NO_WARNINGS -DSQLITE_THREADSAFE=1 -DSQLITE_THREAD_OVERRIDE_LOCK=-1 -DSQLITE_TEMP_STORE=1  -DSQLITE_MAX_TRIGGER_DEPTH=100  -DSQLITE_ENABLE_FTS3=1 -DSQLITE_ENABLE_RTREE=1 -DSQLITE_ENABLE_COLUMN_METADATA=1  -DSQLITE_ENABLE_FTS4=1 -DSQLITE_SYSTEM_MALLOC=1 -DSQLITE_OMIT_LOCALTIME=1  -D_DEBUG -Od -Zi -Fomutex.lo  -DSQLITE_API=__declspec(dllexport) -c .\src\mutex.c
  mutex.c
  	cl -nologo -W3   -DSQLITE_OS_WIN=1 -I. -I. -I.\src -fp:precise /d2guard4 -D_ARM_WINAPI_PARTITION_DESKTOP_SDK_AVAILABLE -MTd -I.\ext\fts3 -I.\ext\rtree -I.\ext\session -DSQLITE_ENABLE_API_ARMOR=1 -DSQLITE_DEBUG=1 -DSQLITE_FORCE_OS_TRACE=1 -DSQLITE_DEBUG_OS_TRACE=1 -D_CRT_SECURE_NO_DEPRECATE -D_CRT_SECURE_NO_WARNINGS -D_CRT_NONSTDC_NO_DEPRECATE -D_CRT_NONSTDC_NO_WARNINGS -DSQLITE_THREADSAFE=1 -DSQLITE_THREAD_OVERRIDE_LOCK=-1 -DSQLITE_TEMP_STORE=1  -DSQLITE_MAX_TRIGGER_DEPTH=100  -DSQLITE_ENABLE_FTS3=1 -DSQLITE_ENABLE_RTREE=1 -DSQLITE_ENABLE_COLUMN_METADATA=1  -DSQLITE_ENABLE_FTS4=1 -DSQLITE_SYSTEM_MALLOC=1 -DSQLITE_OMIT_LOCALTIME=1  -D_DEBUG -Od -Zi -Fomutex_noop.lo  -DSQLITE_API=__declspec(dllexport) -c .\src\mutex_noop.c
  mutex_noop.c
  	cl -nologo -W3   -DSQLITE_OS_WIN=1 -I. -I. -I.\src -fp:precise /d2guard4 -D_ARM_WINAPI_PARTITION_DESKTOP_SDK_AVAILABLE -MTd -I.\ext\fts3 -I.\ext\rtree -I.\ext\session -DSQLITE_ENABLE_API_ARMOR=1 -DSQLITE_DEBUG=1 -DSQLITE_FORCE_OS_TRACE=1 -DSQLITE_DEBUG_OS_TRACE=1 -D_CRT_SECURE_NO_DEPRECATE -D_CRT_SECURE_NO_WARNINGS -D_CRT_NONSTDC_NO_DEPRECATE -D_CRT_NONSTDC_NO_WARNINGS -DSQLITE_THREADSAFE=1 -DSQLITE_THREAD_OVERRIDE_LOCK=-1 -DSQLITE_TEMP_STORE=1  -DSQLITE_MAX_TRIGGER_DEPTH=100  -DSQLITE_ENABLE_FTS3=1 -DSQLITE_ENABLE_RTREE=1 -DSQLITE_ENABLE_COLUMN_METADATA=1  -DSQLITE_ENABLE_FTS4=1 -DSQLITE_SYSTEM_MALLOC=1 -DSQLITE_OMIT_LOCALTIME=1  -D_DEBUG -Od -Zi -Fomutex_unix.lo  -DSQLITE_API=__declspec(dllexport) -c .\src\mutex_unix.c
  mutex_unix.c
  	cl -nologo -W3   -DSQLITE_OS_WIN=1 -I. -I. -I.\src -fp:precise /d2guard4 -D_ARM_WINAPI_PARTITION_DESKTOP_SDK_AVAILABLE -MTd -I.\ext\fts3 -I.\ext\rtree -I.\ext\session -DSQLITE_ENABLE_API_ARMOR=1 -DSQLITE_DEBUG=1 -DSQLITE_FORCE_OS_TRACE=1 -DSQLITE_DEBUG_OS_TRACE=1 -D_CRT_SECURE_NO_DEPRECATE -D_CRT_SECURE_NO_WARNINGS -D_CRT_NONSTDC_NO_DEPRECATE -D_CRT_NONSTDC_NO_WARNINGS -DSQLITE_THREADSAFE=1 -DSQLITE_THREAD_OVERRIDE_LOCK=-1 -DSQLITE_TEMP_STORE=1  -DSQLITE_MAX_TRIGGER_DEPTH=100  -DSQLITE_ENABLE_FTS3=1 -DSQLITE_ENABLE_RTREE=1 -DSQLITE_ENABLE_COLUMN_METADATA=1  -DSQLITE_ENABLE_FTS4=1 -DSQLITE_SYSTEM_MALLOC=1 -DSQLITE_OMIT_LOCALTIME=1  -D_DEBUG -Od -Zi -Fomutex_w32.lo  -DSQLITE_API=__declspec(dllexport) -c .\src\mutex_w32.c
  mutex_w32.c
  	cl -nologo -W3   -DSQLITE_OS_WIN=1 -I. -I. -I.\src -fp:precise /d2guard4 -D_ARM_WINAPI_PARTITION_DESKTOP_SDK_AVAILABLE -MTd -I.\ext\fts3 -I.\ext\rtree -I.\ext\session -DSQLITE_ENABLE_API_ARMOR=1 -DSQLITE_DEBUG=1 -DSQLITE_FORCE_OS_TRACE=1 -DSQLITE_DEBUG_OS_TRACE=1 -D_CRT_SECURE_NO_DEPRECATE -D_CRT_SECURE_NO_WARNINGS -D_CRT_NONSTDC_NO_DEPRECATE -D_CRT_NONSTDC_NO_WARNINGS -DSQLITE_THREADSAFE=1 -DSQLITE_THREAD_OVERRIDE_LOCK=-1 -DSQLITE_TEMP_STORE=1  -DSQLITE_MAX_TRIGGER_DEPTH=100  -DSQLITE_ENABLE_FTS3=1 -DSQLITE_ENABLE_RTREE=1 -DSQLITE_ENABLE_COLUMN_METADATA=1  -DSQLITE_ENABLE_FTS4=1 -DSQLITE_SYSTEM_MALLOC=1 -DSQLITE_OMIT_LOCALTIME=1  -D_DEBUG -Od -Zi -Fonotify.lo  -DSQLITE_API=__declspec(dllexport) -c .\src\notify.c
  notify.c
  	cl -nologo -W3   -DSQLITE_OS_WIN=1 -I. -I. -I.\src -fp:precise /d2guard4 -D_ARM_WINAPI_PARTITION_DESKTOP_SDK_AVAILABLE -MTd -I.\ext\fts3 -I.\ext\rtree -I.\ext\session -DSQLITE_ENABLE_API_ARMOR=1 -DSQLITE_DEBUG=1 -DSQLITE_FORCE_OS_TRACE=1 -DSQLITE_DEBUG_OS_TRACE=1 -D_CRT_SECURE_NO_DEPRECATE -D_CRT_SECURE_NO_WARNINGS -D_CRT_NONSTDC_NO_DEPRECATE -D_CRT_NONSTDC_NO_WARNINGS -DSQLITE_THREADSAFE=1 -DSQLITE_THREAD_OVERRIDE_LOCK=-1 -DSQLITE_TEMP_STORE=1  -DSQLITE_MAX_TRIGGER_DEPTH=100  -DSQLITE_ENABLE_FTS3=1 -DSQLITE_ENABLE_RTREE=1 -DSQLITE_ENABLE_COLUMN_METADATA=1  -DSQLITE_ENABLE_FTS4=1 -DSQLITE_SYSTEM_MALLOC=1 -DSQLITE_OMIT_LOCALTIME=1  -D_DEBUG -Od -Zi -Foos.lo  -DSQLITE_API=__declspec(dllexport) -c .\src\os.c
  os.c
  	cl -nologo -W3   -DSQLITE_OS_WIN=1 -I. -I. -I.\src -fp:precise /d2guard4 -D_ARM_WINAPI_PARTITION_DESKTOP_SDK_AVAILABLE -MTd -I.\ext\fts3 -I.\ext\rtree -I.\ext\session -DSQLITE_ENABLE_API_ARMOR=1 -DSQLITE_DEBUG=1 -DSQLITE_FORCE_OS_TRACE=1 -DSQLITE_DEBUG_OS_TRACE=1 -D_CRT_SECURE_NO_DEPRECATE -D_CRT_SECURE_NO_WARNINGS -D_CRT_NONSTDC_NO_DEPRECATE -D_CRT_NONSTDC_NO_WARNINGS -DSQLITE_THREADSAFE=1 -DSQLITE_THREAD_OVERRIDE_LOCK=-1 -DSQLITE_TEMP_STORE=1  -DSQLITE_MAX_TRIGGER_DEPTH=100  -DSQLITE_ENABLE_FTS3=1 -DSQLITE_ENABLE_RTREE=1 -DSQLITE_ENABLE_COLUMN_METADATA=1  -DSQLITE_ENABLE_FTS4=1 -DSQLITE_SYSTEM_MALLOC=1 -DSQLITE_OMIT_LOCALTIME=1  -D_DEBUG -Od -Zi -Foos_unix.lo  -DSQLITE_API=__declspec(dllexport) -c .\src\os_unix.c
  os_unix.c
  	cl -nologo -W3   -DSQLITE_OS_WIN=1 -I. -I. -I.\src -fp:precise /d2guard4 -D_ARM_WINAPI_PARTITION_DESKTOP_SDK_AVAILABLE -MTd -I.\ext\fts3 -I.\ext\rtree -I.\ext\session -DSQLITE_ENABLE_API_ARMOR=1 -DSQLITE_DEBUG=1 -DSQLITE_FORCE_OS_TRACE=1 -DSQLITE_DEBUG_OS_TRACE=1 -D_CRT_SECURE_NO_DEPRECATE -D_CRT_SECURE_NO_WARNINGS -D_CRT_NONSTDC_NO_DEPRECATE -D_CRT_NONSTDC_NO_WARNINGS -DSQLITE_THREADSAFE=1 -DSQLITE_THREAD_OVERRIDE_LOCK=-1 -DSQLITE_TEMP_STORE=1  -DSQLITE_MAX_TRIGGER_DEPTH=100  -DSQLITE_ENABLE_FTS3=1 -DSQLITE_ENABLE_RTREE=1 -DSQLITE_ENABLE_COLUMN_METADATA=1  -DSQLITE_ENABLE_FTS4=1 -DSQLITE_SYSTEM_MALLOC=1 -DSQLITE_OMIT_LOCALTIME=1  -D_DEBUG -Od -Zi -Foos_win.lo  -DSQLITE_API=__declspec(dllexport) -c .\src\os_win.c
  os_win.c
  	cl -nologo -W3   -DSQLITE_OS_WIN=1 -I. -I. -I.\src -fp:precise /d2guard4 -D_ARM_WINAPI_PARTITION_DESKTOP_SDK_AVAILABLE -MTd -I.\ext\fts3 -I.\ext\rtree -I.\ext\session -DSQLITE_ENABLE_API_ARMOR=1 -DSQLITE_DEBUG=1 -DSQLITE_FORCE_OS_TRACE=1 -DSQLITE_DEBUG_OS_TRACE=1 -D_CRT_SECURE_NO_DEPRECATE -D_CRT_SECURE_NO_WARNINGS -D_CRT_NONSTDC_NO_DEPRECATE -D_CRT_NONSTDC_NO_WARNINGS -DSQLITE_THREADSAFE=1 -DSQLITE_THREAD_OVERRIDE_LOCK=-1 -DSQLITE_TEMP_STORE=1  -DSQLITE_MAX_TRIGGER_DEPTH=100  -DSQLITE_ENABLE_FTS3=1 -DSQLITE_ENABLE_RTREE=1 -DSQLITE_ENABLE_COLUMN_METADATA=1  -DSQLITE_ENABLE_FTS4=1 -DSQLITE_SYSTEM_MALLOC=1 -DSQLITE_OMIT_LOCALTIME=1  -D_DEBUG -Od -Zi -Fopager.lo  -DSQLITE_API=__declspec(dllexport) -c .\src\pager.c
  pager.c
  	cl -nologo -W3   -DSQLITE_OS_WIN=1 -I. -I. -I.\src -fp:precise /d2guard4 -D_ARM_WINAPI_PARTITION_DESKTOP_SDK_AVAILABLE -MTd -I.\ext\fts3 -I.\ext\rtree -I.\ext\session -DSQLITE_ENABLE_API_ARMOR=1 -DSQLITE_DEBUG=1 -DSQLITE_FORCE_OS_TRACE=1 -DSQLITE_DEBUG_OS_TRACE=1 -D_CRT_SECURE_NO_DEPRECATE -D_CRT_SECURE_NO_WARNINGS -D_CRT_NONSTDC_NO_DEPRECATE -D_CRT_NONSTDC_NO_WARNINGS -DSQLITE_THREADSAFE=1 -DSQLITE_THREAD_OVERRIDE_LOCK=-1 -DSQLITE_TEMP_STORE=1  -DSQLITE_MAX_TRIGGER_DEPTH=100  -DSQLITE_ENABLE_FTS3=1 -DSQLITE_ENABLE_RTREE=1 -DSQLITE_ENABLE_COLUMN_METADATA=1  -DSQLITE_ENABLE_FTS4=1 -DSQLITE_SYSTEM_MALLOC=1 -DSQLITE_OMIT_LOCALTIME=1  -D_DEBUG -Od -Zi -Fopcache.lo  -DSQLITE_API=__declspec(dllexport) -c .\src\pcache.c
  pcache.c
  	cl -nologo -W3   -DSQLITE_OS_WIN=1 -I. -I. -I.\src -fp:precise /d2guard4 -D_ARM_WINAPI_PARTITION_DESKTOP_SDK_AVAILABLE -MTd -I.\ext\fts3 -I.\ext\rtree -I.\ext\session -DSQLITE_ENABLE_API_ARMOR=1 -DSQLITE_DEBUG=1 -DSQLITE_FORCE_OS_TRACE=1 -DSQLITE_DEBUG_OS_TRACE=1 -D_CRT_SECURE_NO_DEPRECATE -D_CRT_SECURE_NO_WARNINGS -D_CRT_NONSTDC_NO_DEPRECATE -D_CRT_NONSTDC_NO_WARNINGS -DSQLITE_THREADSAFE=1 -DSQLITE_THREAD_OVERRIDE_LOCK=-1 -DSQLITE_TEMP_STORE=1  -DSQLITE_MAX_TRIGGER_DEPTH=100  -DSQLITE_ENABLE_FTS3=1 -DSQLITE_ENABLE_RTREE=1 -DSQLITE_ENABLE_COLUMN_METADATA=1  -DSQLITE_ENABLE_FTS4=1 -DSQLITE_SYSTEM_MALLOC=1 -DSQLITE_OMIT_LOCALTIME=1  -D_DEBUG -Od -Zi -Fopcache1.lo  -DSQLITE_API=__declspec(dllexport) -c .\src\pcache1.c
  pcache1.c
  	cl -nologo -W3   -DSQLITE_OS_WIN=1 -I. -I. -I.\src -fp:precise /d2guard4 -D_ARM_WINAPI_PARTITION_DESKTOP_SDK_AVAILABLE -MTd -I.\ext\fts3 -I.\ext\rtree -I.\ext\session -DSQLITE_ENABLE_API_ARMOR=1 -DSQLITE_DEBUG=1 -DSQLITE_FORCE_OS_TRACE=1 -DSQLITE_DEBUG_OS_TRACE=1 -D_CRT_SECURE_NO_DEPRECATE -D_CRT_SECURE_NO_WARNINGS -D_CRT_NONSTDC_NO_DEPRECATE -D_CRT_NONSTDC_NO_WARNINGS -DSQLITE_THREADSAFE=1 -DSQLITE_THREAD_OVERRIDE_LOCK=-1 -DSQLITE_TEMP_STORE=1  -DSQLITE_MAX_TRIGGER_DEPTH=100  -DSQLITE_ENABLE_FTS3=1 -DSQLITE_ENABLE_RTREE=1 -DSQLITE_ENABLE_COLUMN_METADATA=1  -DSQLITE_ENABLE_FTS4=1 -DSQLITE_SYSTEM_MALLOC=1 -DSQLITE_OMIT_LOCALTIME=1  -D_DEBUG -Od -Zi -Fopragma.lo  -DSQLITE_API=__declspec(dllexport) -c .\src\pragma.c
  pragma.c
  	cl -nologo -W3   -DSQLITE_OS_WIN=1 -I. -I. -I.\src -fp:precise /d2guard4 -D_ARM_WINAPI_PARTITION_DESKTOP_SDK_AVAILABLE -MTd -I.\ext\fts3 -I.\ext\rtree -I.\ext\session -DSQLITE_ENABLE_API_ARMOR=1 -DSQLITE_DEBUG=1 -DSQLITE_FORCE_OS_TRACE=1 -DSQLITE_DEBUG_OS_TRACE=1 -D_CRT_SECURE_NO_DEPRECATE -D_CRT_SECURE_NO_WARNINGS -D_CRT_NONSTDC_NO_DEPRECATE -D_CRT_NONSTDC_NO_WARNINGS -DSQLITE_THREADSAFE=1 -DSQLITE_THREAD_OVERRIDE_LOCK=-1 -DSQLITE_TEMP_STORE=1  -DSQLITE_MAX_TRIGGER_DEPTH=100  -DSQLITE_ENABLE_FTS3=1 -DSQLITE_ENABLE_RTREE=1 -DSQLITE_ENABLE_COLUMN_METADATA=1  -DSQLITE_ENABLE_FTS4=1 -DSQLITE_SYSTEM_MALLOC=1 -DSQLITE_OMIT_LOCALTIME=1  -D_DEBUG -Od -Zi -Foprepare.lo  -DSQLITE_API=__declspec(dllexport) -c .\src\prepare.c
  prepare.c
  	cl -nologo -W3   -DSQLITE_OS_WIN=1 -I. -I. -I.\src -fp:precise /d2guard4 -D_ARM_WINAPI_PARTITION_DESKTOP_SDK_AVAILABLE -MTd -I.\ext\fts3 -I.\ext\rtree -I.\ext\session -DSQLITE_ENABLE_API_ARMOR=1 -DSQLITE_DEBUG=1 -DSQLITE_FORCE_OS_TRACE=1 -DSQLITE_DEBUG_OS_TRACE=1 -D_CRT_SECURE_NO_DEPRECATE -D_CRT_SECURE_NO_WARNINGS -D_CRT_NONSTDC_NO_DEPRECATE -D_CRT_NONSTDC_NO_WARNINGS -DSQLITE_THREADSAFE=1 -DSQLITE_THREAD_OVERRIDE_LOCK=-1 -DSQLITE_TEMP_STORE=1  -DSQLITE_MAX_TRIGGER_DEPTH=100  -DSQLITE_ENABLE_FTS3=1 -DSQLITE_ENABLE_RTREE=1 -DSQLITE_ENABLE_COLUMN_METADATA=1  -DSQLITE_ENABLE_FTS4=1 -DSQLITE_SYSTEM_MALLOC=1 -DSQLITE_OMIT_LOCALTIME=1  -D_DEBUG -Od -Zi -Foprintf.lo  -DSQLITE_API=__declspec(dllexport) -c .\src\printf.c
  printf.c
  	cl -nologo -W3   -DSQLITE_OS_WIN=1 -I. -I. -I.\src -fp:precise /d2guard4 -D_ARM_WINAPI_PARTITION_DESKTOP_SDK_AVAILABLE -MTd -I.\ext\fts3 -I.\ext\rtree -I.\ext\session -DSQLITE_ENABLE_API_ARMOR=1 -DSQLITE_DEBUG=1 -DSQLITE_FORCE_OS_TRACE=1 -DSQLITE_DEBUG_OS_TRACE=1 -D_CRT_SECURE_NO_DEPRECATE -D_CRT_SECURE_NO_WARNINGS -D_CRT_NONSTDC_NO_DEPRECATE -D_CRT_NONSTDC_NO_WARNINGS -DSQLITE_THREADSAFE=1 -DSQLITE_THREAD_OVERRIDE_LOCK=-1 -DSQLITE_TEMP_STORE=1  -DSQLITE_MAX_TRIGGER_DEPTH=100  -DSQLITE_ENABLE_FTS3=1 -DSQLITE_ENABLE_RTREE=1 -DSQLITE_ENABLE_COLUMN_METADATA=1  -DSQLITE_ENABLE_FTS4=1 -DSQLITE_SYSTEM_MALLOC=1 -DSQLITE_OMIT_LOCALTIME=1  -D_DEBUG -Od -Zi -Forandom.lo  -DSQLITE_API=__declspec(dllexport) -c .\src\random.c
  random.c
  	cl -nologo -W3   -DSQLITE_OS_WIN=1 -I. -I. -I.\src -fp:precise /d2guard4 -D_ARM_WINAPI_PARTITION_DESKTOP_SDK_AVAILABLE -MTd -I.\ext\fts3 -I.\ext\rtree -I.\ext\session -DSQLITE_ENABLE_API_ARMOR=1 -DSQLITE_DEBUG=1 -DSQLITE_FORCE_OS_TRACE=1 -DSQLITE_DEBUG_OS_TRACE=1 -D_CRT_SECURE_NO_DEPRECATE -D_CRT_SECURE_NO_WARNINGS -D_CRT_NONSTDC_NO_DEPRECATE -D_CRT_NONSTDC_NO_WARNINGS -DSQLITE_THREADSAFE=1 -DSQLITE_THREAD_OVERRIDE_LOCK=-1 -DSQLITE_TEMP_STORE=1  -DSQLITE_MAX_TRIGGER_DEPTH=100  -DSQLITE_ENABLE_FTS3=1 -DSQLITE_ENABLE_RTREE=1 -DSQLITE_ENABLE_COLUMN_METADATA=1  -DSQLITE_ENABLE_FTS4=1 -DSQLITE_SYSTEM_MALLOC=1 -DSQLITE_OMIT_LOCALTIME=1  -D_DEBUG -Od -Zi -Foresolve.lo  -DSQLITE_API=__declspec(dllexport) -c .\src\resolve.c
  resolve.c
.\src\resolve.c(674): warning C4554: '&' : vérifiez la priorité des opérateurs comme cause possible d'erreur ; utilisez des parenthèses pour rendre plus claires les priorités
.\src\resolve.c(675): warning C4554: '&' : vérifiez la priorité des opérateurs comme cause possible d'erreur ; utilisez des parenthèses pour rendre plus claires les priorités
  	cl -nologo -W3   -DSQLITE_OS_WIN=1 -I. -I. -I.\src -fp:precise /d2guard4 -D_ARM_WINAPI_PARTITION_DESKTOP_SDK_AVAILABLE -MTd -I.\ext\fts3 -I.\ext\rtree -I.\ext\session -DSQLITE_ENABLE_API_ARMOR=1 -DSQLITE_DEBUG=1 -DSQLITE_FORCE_OS_TRACE=1 -DSQLITE_DEBUG_OS_TRACE=1 -D_CRT_SECURE_NO_DEPRECATE -D_CRT_SECURE_NO_WARNINGS -D_CRT_NONSTDC_NO_DEPRECATE -D_CRT_NONSTDC_NO_WARNINGS -DSQLITE_THREADSAFE=1 -DSQLITE_THREAD_OVERRIDE_LOCK=-1 -DSQLITE_TEMP_STORE=1  -DSQLITE_MAX_TRIGGER_DEPTH=100  -DSQLITE_ENABLE_FTS3=1 -DSQLITE_ENABLE_RTREE=1 -DSQLITE_ENABLE_COLUMN_METADATA=1  -DSQLITE_ENABLE_FTS4=1 -DSQLITE_SYSTEM_MALLOC=1 -DSQLITE_OMIT_LOCALTIME=1  -D_DEBUG -Od -Zi -Forowset.lo  -DSQLITE_API=__declspec(dllexport) -c .\src\rowset.c
  rowset.c
  	cl -nologo -W3   -DSQLITE_OS_WIN=1 -I. -I. -I.\src -fp:precise /d2guard4 -D_ARM_WINAPI_PARTITION_DESKTOP_SDK_AVAILABLE -MTd -I.\ext\fts3 -I.\ext\rtree -I.\ext\session -DSQLITE_ENABLE_API_ARMOR=1 -DSQLITE_DEBUG=1 -DSQLITE_FORCE_OS_TRACE=1 -DSQLITE_DEBUG_OS_TRACE=1 -D_CRT_SECURE_NO_DEPRECATE -D_CRT_SECURE_NO_WARNINGS -D_CRT_NONSTDC_NO_DEPRECATE -D_CRT_NONSTDC_NO_WARNINGS -DSQLITE_THREADSAFE=1 -DSQLITE_THREAD_OVERRIDE_LOCK=-1 -DSQLITE_TEMP_STORE=1  -DSQLITE_MAX_TRIGGER_DEPTH=100  -DSQLITE_ENABLE_FTS3=1 -DSQLITE_ENABLE_RTREE=1 -DSQLITE_ENABLE_COLUMN_METADATA=1  -DSQLITE_ENABLE_FTS4=1 -DSQLITE_SYSTEM_MALLOC=1 -DSQLITE_OMIT_LOCALTIME=1  -D_DEBUG -Od -Zi -Fortree.lo  -DSQLITE_API=__declspec(dllexport)  -DSQLITE_CORE -c .\ext\rtree\rtree.c
  rtree.c
.\ext\rtree\rtree.c(433): warning C4013: '_byteswap_ulong' non défini(e) ; extern retournant int pris par défaut
.\ext\rtree\rtree.c(451): warning C4013: '_byteswap_uint64' non défini(e) ; extern retournant int pris par défaut
  	cl -nologo -W3   -DSQLITE_OS_WIN=1 -I. -I. -I.\src -fp:precise /d2guard4 -D_ARM_WINAPI_PARTITION_DESKTOP_SDK_AVAILABLE -MTd -I.\ext\fts3 -I.\ext\rtree -I.\ext\session -DSQLITE_ENABLE_API_ARMOR=1 -DSQLITE_DEBUG=1 -DSQLITE_FORCE_OS_TRACE=1 -DSQLITE_DEBUG_OS_TRACE=1 -D_CRT_SECURE_NO_DEPRECATE -D_CRT_SECURE_NO_WARNINGS -D_CRT_NONSTDC_NO_DEPRECATE -D_CRT_NONSTDC_NO_WARNINGS -DSQLITE_THREADSAFE=1 -DSQLITE_THREAD_OVERRIDE_LOCK=-1 -DSQLITE_TEMP_STORE=1  -DSQLITE_MAX_TRIGGER_DEPTH=100  -DSQLITE_ENABLE_FTS3=1 -DSQLITE_ENABLE_RTREE=1 -DSQLITE_ENABLE_COLUMN_METADATA=1  -DSQLITE_ENABLE_FTS4=1 -DSQLITE_SYSTEM_MALLOC=1 -DSQLITE_OMIT_LOCALTIME=1  -D_DEBUG -Od -Zi -Fosqlite3session.lo  -DSQLITE_API=__declspec(dllexport)  -DSQLITE_CORE -c .\ext\session\sqlite3session.c
  sqlite3session.c
  	cl -nologo -W3   -DSQLITE_OS_WIN=1 -I. -I. -I.\src -fp:precise /d2guard4 -D_ARM_WINAPI_PARTITION_DESKTOP_SDK_AVAILABLE -MTd -I.\ext\fts3 -I.\ext\rtree -I.\ext\session -DSQLITE_ENABLE_API_ARMOR=1 -DSQLITE_DEBUG=1 -DSQLITE_FORCE_OS_TRACE=1 -DSQLITE_DEBUG_OS_TRACE=1 -D_CRT_SECURE_NO_DEPRECATE -D_CRT_SECURE_NO_WARNINGS -D_CRT_NONSTDC_NO_DEPRECATE -D_CRT_NONSTDC_NO_WARNINGS -DSQLITE_THREADSAFE=1 -DSQLITE_THREAD_OVERRIDE_LOCK=-1 -DSQLITE_TEMP_STORE=1  -DSQLITE_MAX_TRIGGER_DEPTH=100  -DSQLITE_ENABLE_FTS3=1 -DSQLITE_ENABLE_RTREE=1 -DSQLITE_ENABLE_COLUMN_METADATA=1  -DSQLITE_ENABLE_FTS4=1 -DSQLITE_SYSTEM_MALLOC=1 -DSQLITE_OMIT_LOCALTIME=1  -D_DEBUG -Od -Zi -Foselect.lo  -DSQLITE_API=__declspec(dllexport) -c .\src\select.c
  select.c
.\src\select.c(989): warning C4047: 'fonction' : les niveaux d'indirection de 'const char *' et de 'int' sont différents
.\src\select.c(989): warning C4024: 'sqlite3VdbeAddOp4' : types différents pour le paramètre formel et réel 6
.\src\select.c(1024): warning C4047: 'fonction' : les niveaux d'indirection de 'const char *' et de 'int' sont différents
.\src\select.c(1024): warning C4024: 'sqlite3VdbeAddOp4' : types différents pour le paramètre formel et réel 6
.\src\select.c(1037): warning C4013: 'sqlite3VListAppend' non défini(e) ; extern retournant int pris par défaut
.\src\select.c(4890): warning C4133: 'fonction' : types incompatibles - de 'FuncDef *' à 'const char *'
.\src\select.c(4885): warning C4101: 'i' : variable locale non référencée
.\src\select.c(4984): warning C4101: 'pC' : variable locale non référencée
.\src\select.c(5137): warning C4101: 'addrMoveWin' : variable locale non référencée
.\src\select.c(5138): warning C4101: 'addrMoveWin2' : variable locale non référencée
.\src\select.c(5136): warning C4101: 'addrBreak2' : variable locale non référencée
.\src\select.c(5285): warning C4101: 'rngFinal' : variable locale non référencée
.\src\select.c(5276): warning C4101: 'addrIfUse' : variable locale non référencée
.\src\select.c(5244): warning C4101: 'sNC' : variable locale non référencée
.\src\select.c(5271): warning C4101: 'addrSetAbort' : variable locale non référencée
.\src\select.c(5262): warning C4101: 'addrSortIdx' : variable locale non référencée
.\src\select.c(5261): warning C4101: 'nCol' : variable locale non référencée
.\src\select.c(5264): warning C4101: 'addrEndOfCompute' : variable locale non référencée
.\src\select.c(5258): warning C4101: 'iMemWin' : variable locale non référencée
.\src\select.c(5266): warning C4101: 'addrTopOfCompute' : variable locale non référencée
.\src\select.c(5275): warning C4101: 'addrSkipInsert' : variable locale non référencée
.\src\select.c(5286): warning C4101: 'regFinal' : variable locale non référencée
.\src\select.c(5257): warning C4101: 'regTemp' : variable locale non référencée
.\src\select.c(5283): warning C4101: 'curWin' : variable locale non référencée
.\src\select.c(5495): warning C4133: 'fonction' : types incompatibles - de 'Parse *' à 'sqlite3 *'
.\src\select.c(5503): warning C4133: 'fonction' : types incompatibles - de 'Parse *' à 'sqlite3 *'
.\src\select.c(5511): warning C4133: 'fonction' : types incompatibles - de 'Parse *' à 'sqlite3 *'
.\src\select.c(5535): warning C4047: 'return' : les niveaux d'indirection de 'SrcList *' et de 'int' sont différents
.\src\select.c(5542): warning C4047: 'return' : les niveaux d'indirection de 'SrcList *' et de 'int' sont différents
.\src\select.c(5566): warning C4102: 'select_end' : étiquette non référencée
.\src\select.c(5597): warning C4101: 'curSubForWin' : variable locale non référencée
.\src\select.c(5600): warning C4101: 'ppV' : variable locale non référencée
.\src\select.c(5949): warning C4101: 'zVar' : variable locale non référencée
.\src\select.c(5966): warning C4101: 'regResult' : variable locale non référencée
  	cl -nologo -W3   -DSQLITE_OS_WIN=1 -I. -I. -I.\src -fp:precise /d2guard4 -D_ARM_WINAPI_PARTITION_DESKTOP_SDK_AVAILABLE -MTd -I.\ext\fts3 -I.\ext\rtree -I.\ext\session -DSQLITE_ENABLE_API_ARMOR=1 -DSQLITE_DEBUG=1 -DSQLITE_FORCE_OS_TRACE=1 -DSQLITE_DEBUG_OS_TRACE=1 -D_CRT_SECURE_NO_DEPRECATE -D_CRT_SECURE_NO_WARNINGS -D_CRT_NONSTDC_NO_DEPRECATE -D_CRT_NONSTDC_NO_WARNINGS -DSQLITE_THREADSAFE=1 -DSQLITE_THREAD_OVERRIDE_LOCK=-1 -DSQLITE_TEMP_STORE=1  -DSQLITE_MAX_TRIGGER_DEPTH=100  -DSQLITE_ENABLE_FTS3=1 -DSQLITE_ENABLE_RTREE=1 -DSQLITE_ENABLE_COLUMN_METADATA=1  -DSQLITE_ENABLE_FTS4=1 -DSQLITE_SYSTEM_MALLOC=1 -DSQLITE_OMIT_LOCALTIME=1  -D_DEBUG -Od -Zi -Fosqlite3rbu.lo -DSQLITE_CORE -c .\ext\rbu\sqlite3rbu.c
  sqlite3rbu.c
  	cl -nologo -W3   -DSQLITE_OS_WIN=1 -I. -I. -I.\src -fp:precise /d2guard4 -D_ARM_WINAPI_PARTITION_DESKTOP_SDK_AVAILABLE -MTd -I.\ext\fts3 -I.\ext\rtree -I.\ext\session -DSQLITE_ENABLE_API_ARMOR=1 -DSQLITE_DEBUG=1 -DSQLITE_FORCE_OS_TRACE=1 -DSQLITE_DEBUG_OS_TRACE=1 -D_CRT_SECURE_NO_DEPRECATE -D_CRT_SECURE_NO_WARNINGS -D_CRT_NONSTDC_NO_DEPRECATE -D_CRT_NONSTDC_NO_WARNINGS -DSQLITE_THREADSAFE=1 -DSQLITE_THREAD_OVERRIDE_LOCK=-1 -DSQLITE_TEMP_STORE=1  -DSQLITE_MAX_TRIGGER_DEPTH=100  -DSQLITE_ENABLE_FTS3=1 -DSQLITE_ENABLE_RTREE=1 -DSQLITE_ENABLE_COLUMN_METADATA=1  -DSQLITE_ENABLE_FTS4=1 -DSQLITE_SYSTEM_MALLOC=1 -DSQLITE_OMIT_LOCALTIME=1  -D_DEBUG -Od -Zi -Fostatus.lo  -DSQLITE_API=__declspec(dllexport) -c .\src\status.c
  status.c
  	cl -nologo -W3   -DSQLITE_OS_WIN=1 -I. -I. -I.\src -fp:precise /d2guard4 -D_ARM_WINAPI_PARTITION_DESKTOP_SDK_AVAILABLE -MTd -I.\ext\fts3 -I.\ext\rtree -I.\ext\session -DSQLITE_ENABLE_API_ARMOR=1 -DSQLITE_DEBUG=1 -DSQLITE_FORCE_OS_TRACE=1 -DSQLITE_DEBUG_OS_TRACE=1 -D_CRT_SECURE_NO_DEPRECATE -D_CRT_SECURE_NO_WARNINGS -D_CRT_NONSTDC_NO_DEPRECATE -D_CRT_NONSTDC_NO_WARNINGS -DSQLITE_THREADSAFE=1 -DSQLITE_THREAD_OVERRIDE_LOCK=-1 -DSQLITE_TEMP_STORE=1  -DSQLITE_MAX_TRIGGER_DEPTH=100  -DSQLITE_ENABLE_FTS3=1 -DSQLITE_ENABLE_RTREE=1 -DSQLITE_ENABLE_COLUMN_METADATA=1  -DSQLITE_ENABLE_FTS4=1 -DSQLITE_SYSTEM_MALLOC=1 -DSQLITE_OMIT_LOCALTIME=1  -D_DEBUG -Od -Zi -Fotable.lo  -DSQLITE_API=__declspec(dllexport) -c .\src\table.c
  table.c
  	cl -nologo -W3   -DSQLITE_OS_WIN=1 -I. -I. -I.\src -fp:precise /d2guard4 -D_ARM_WINAPI_PARTITION_DESKTOP_SDK_AVAILABLE -MTd -I.\ext\fts3 -I.\ext\rtree -I.\ext\session -DSQLITE_ENABLE_API_ARMOR=1 -DSQLITE_DEBUG=1 -DSQLITE_FORCE_OS_TRACE=1 -DSQLITE_DEBUG_OS_TRACE=1 -D_CRT_SECURE_NO_DEPRECATE -D_CRT_SECURE_NO_WARNINGS -D_CRT_NONSTDC_NO_DEPRECATE -D_CRT_NONSTDC_NO_WARNINGS -DSQLITE_THREADSAFE=1 -DSQLITE_THREAD_OVERRIDE_LOCK=-1 -DSQLITE_TEMP_STORE=1  -DSQLITE_MAX_TRIGGER_DEPTH=100  -DSQLITE_ENABLE_FTS3=1 -DSQLITE_ENABLE_RTREE=1 -DSQLITE_ENABLE_COLUMN_METADATA=1  -DSQLITE_ENABLE_FTS4=1 -DSQLITE_SYSTEM_MALLOC=1 -DSQLITE_OMIT_LOCALTIME=1  -D_DEBUG -Od -Zi -Fothreads.lo  -DSQLITE_API=__declspec(dllexport) -c .\src\threads.c
  threads.c
  	cl -nologo -W3   -DSQLITE_OS_WIN=1 -I. -I. -I.\src -fp:precise /d2guard4 -D_ARM_WINAPI_PARTITION_DESKTOP_SDK_AVAILABLE -MTd -I.\ext\fts3 -I.\ext\rtree -I.\ext\session -DSQLITE_ENABLE_API_ARMOR=1 -DSQLITE_DEBUG=1 -DSQLITE_FORCE_OS_TRACE=1 -DSQLITE_DEBUG_OS_TRACE=1 -D_CRT_SECURE_NO_DEPRECATE -D_CRT_SECURE_NO_WARNINGS -D_CRT_NONSTDC_NO_DEPRECATE -D_CRT_NONSTDC_NO_WARNINGS -DSQLITE_THREADSAFE=1 -DSQLITE_THREAD_OVERRIDE_LOCK=-1 -DSQLITE_TEMP_STORE=1  -DSQLITE_MAX_TRIGGER_DEPTH=100  -DSQLITE_ENABLE_FTS3=1 -DSQLITE_ENABLE_RTREE=1 -DSQLITE_ENABLE_COLUMN_METADATA=1  -DSQLITE_ENABLE_FTS4=1 -DSQLITE_SYSTEM_MALLOC=1 -DSQLITE_OMIT_LOCALTIME=1  -D_DEBUG -Od -Zi -Fotokenize.lo  -DSQLITE_API=__declspec(dllexport) -c .\src\tokenize.c
  tokenize.c
  	cl -nologo -W3   -DSQLITE_OS_WIN=1 -I. -I. -I.\src -fp:precise /d2guard4 -D_ARM_WINAPI_PARTITION_DESKTOP_SDK_AVAILABLE -MTd -I.\ext\fts3 -I.\ext\rtree -I.\ext\session -DSQLITE_ENABLE_API_ARMOR=1 -DSQLITE_DEBUG=1 -DSQLITE_FORCE_OS_TRACE=1 -DSQLITE_DEBUG_OS_TRACE=1 -D_CRT_SECURE_NO_DEPRECATE -D_CRT_SECURE_NO_WARNINGS -D_CRT_NONSTDC_NO_DEPRECATE -D_CRT_NONSTDC_NO_WARNINGS -DSQLITE_THREADSAFE=1 -DSQLITE_THREAD_OVERRIDE_LOCK=-1 -DSQLITE_TEMP_STORE=1  -DSQLITE_MAX_TRIGGER_DEPTH=100  -DSQLITE_ENABLE_FTS3=1 -DSQLITE_ENABLE_RTREE=1 -DSQLITE_ENABLE_COLUMN_METADATA=1  -DSQLITE_ENABLE_FTS4=1 -DSQLITE_SYSTEM_MALLOC=1 -DSQLITE_OMIT_LOCALTIME=1  -D_DEBUG -Od -Zi -Fotreeview.lo  -DSQLITE_API=__declspec(dllexport) -c .\src\treeview.c
  treeview.c
  	cl -nologo -W3   -DSQLITE_OS_WIN=1 -I. -I. -I.\src -fp:precise /d2guard4 -D_ARM_WINAPI_PARTITION_DESKTOP_SDK_AVAILABLE -MTd -I.\ext\fts3 -I.\ext\rtree -I.\ext\session -DSQLITE_ENABLE_API_ARMOR=1 -DSQLITE_DEBUG=1 -DSQLITE_FORCE_OS_TRACE=1 -DSQLITE_DEBUG_OS_TRACE=1 -D_CRT_SECURE_NO_DEPRECATE -D_CRT_SECURE_NO_WARNINGS -D_CRT_NONSTDC_NO_DEPRECATE -D_CRT_NONSTDC_NO_WARNINGS -DSQLITE_THREADSAFE=1 -DSQLITE_THREAD_OVERRIDE_LOCK=-1 -DSQLITE_TEMP_STORE=1  -DSQLITE_MAX_TRIGGER_DEPTH=100  -DSQLITE_ENABLE_FTS3=1 -DSQLITE_ENABLE_RTREE=1 -DSQLITE_ENABLE_COLUMN_METADATA=1  -DSQLITE_ENABLE_FTS4=1 -DSQLITE_SYSTEM_MALLOC=1 -DSQLITE_OMIT_LOCALTIME=1  -D_DEBUG -Od -Zi -Fotrigger.lo  -DSQLITE_API=__declspec(dllexport) -c .\src\trigger.c
  trigger.c
  	cl -nologo -W3   -DSQLITE_OS_WIN=1 -I. -I. -I.\src -fp:precise /d2guard4 -D_ARM_WINAPI_PARTITION_DESKTOP_SDK_AVAILABLE -MTd -I.\ext\fts3 -I.\ext\rtree -I.\ext\session -DSQLITE_ENABLE_API_ARMOR=1 -DSQLITE_DEBUG=1 -DSQLITE_FORCE_OS_TRACE=1 -DSQLITE_DEBUG_OS_TRACE=1 -D_CRT_SECURE_NO_DEPRECATE -D_CRT_SECURE_NO_WARNINGS -D_CRT_NONSTDC_NO_DEPRECATE -D_CRT_NONSTDC_NO_WARNINGS -DSQLITE_THREADSAFE=1 -DSQLITE_THREAD_OVERRIDE_LOCK=-1 -DSQLITE_TEMP_STORE=1  -DSQLITE_MAX_TRIGGER_DEPTH=100  -DSQLITE_ENABLE_FTS3=1 -DSQLITE_ENABLE_RTREE=1 -DSQLITE_ENABLE_COLUMN_METADATA=1  -DSQLITE_ENABLE_FTS4=1 -DSQLITE_SYSTEM_MALLOC=1 -DSQLITE_OMIT_LOCALTIME=1  -D_DEBUG -Od -Zi -Fosp.lo  -DSQLITE_API=__declspec(dllexport) -c .\src\sp.c
  sp.c
.\src\sp.c(304): warning C4133: 'fonction' : types incompatibles - de 'Expr *' à 'ExprList *'
.\src\sp.c(648): warning C4101: 'addrStart' : variable locale non référencée
.\src\sp.c(976): warning C4028: paramètre formel 3 différent de la déclaration
.\src\sp.c(1257): warning C4133: '=' : types incompatibles - de 'Hash *' à '_ht *'
.\src\sp.c(1263): warning C4133: 'return' : types incompatibles - de 'HashElem *' à 'Table *'
.\src\sp.c(1254): warning C4101: 'h' : variable locale non référencée
.\src\sp.c(1284): warning C4090: '=' : qualificateurs 'const' différents
.\src\sp.c(1339): warning C4311: 'cast de type' : troncation de pointeur de 'sqlite3_value *' à 'int'
.\src\sp.c(1339): warning C4047: 'fonction' : les niveaux d'indirection de 'sqlite3_value *' et de 'int' sont différents
.\src\sp.c(1339): warning C4024: 'sqlite3_value_type' : types différents pour le paramètre formel et réel 1
.\src\sp.c(1341): warning C4311: 'cast de type' : troncation de pointeur de 'sqlite3_value *' à 'int'
.\src\sp.c(1341): warning C4047: 'fonction' : les niveaux d'indirection de 'sqlite3_value *' et de 'int' sont différents
.\src\sp.c(1341): warning C4024: 'sqlite3_value_text' : types différents pour le paramètre formel et réel 1
.\src\sp.c(1345): warning C4311: 'cast de type' : troncation de pointeur de 'sqlite3_value *' à 'int'
.\src\sp.c(1345): warning C4047: 'fonction' : les niveaux d'indirection de 'sqlite3_value *' et de 'int' sont différents
.\src\sp.c(1345): warning C4024: 'sqlite3_value_int64' : types différents pour le paramètre formel et réel 1
.\src\sp.c(1345): warning C4047: 'fonction' : les niveaux d'indirection de 'const u8 *' et de 'sqlite3_int64' sont différents
.\src\sp.c(1345): warning C4024: 'sqlite3VdbeAddOp4Dup8' : types différents pour le paramètre formel et réel 6
.\src\sp.c(1322): warning C4101: 'rc' : variable locale non référencée
d:\sqlite-src-3180000\src\sp.c(311): warning C4715: 'sqlite3SPIfStep' : les chemins de contrôle ne retournent pas tous une valeur
d:\sqlite-src-3180000\src\sp.c(1277): warning C4700: variable locale 'pRole' non initialisée utilisée
d:\sqlite-src-3180000\src\sp.c(1354): warning C4715: 'sqlite3ShowVariable' : les chemins de contrôle ne retournent pas tous une valeur
  	cl -nologo -W3   -DSQLITE_OS_WIN=1 -I. -I. -I.\src -fp:precise /d2guard4 -D_ARM_WINAPI_PARTITION_DESKTOP_SDK_AVAILABLE -MTd -I.\ext\fts3 -I.\ext\rtree -I.\ext\session -DSQLITE_ENABLE_API_ARMOR=1 -DSQLITE_DEBUG=1 -DSQLITE_FORCE_OS_TRACE=1 -DSQLITE_DEBUG_OS_TRACE=1 -D_CRT_SECURE_NO_DEPRECATE -D_CRT_SECURE_NO_WARNINGS -D_CRT_NONSTDC_NO_DEPRECATE -D_CRT_NONSTDC_NO_WARNINGS -DSQLITE_THREADSAFE=1 -DSQLITE_THREAD_OVERRIDE_LOCK=-1 -DSQLITE_TEMP_STORE=1  -DSQLITE_MAX_TRIGGER_DEPTH=100  -DSQLITE_ENABLE_FTS3=1 -DSQLITE_ENABLE_RTREE=1 -DSQLITE_ENABLE_COLUMN_METADATA=1  -DSQLITE_ENABLE_FTS4=1 -DSQLITE_SYSTEM_MALLOC=1 -DSQLITE_OMIT_LOCALTIME=1  -D_DEBUG -Od -Zi -Foupdate.lo  -DSQLITE_API=__declspec(dllexport) -c .\src\update.c
  update.c
  	cl -nologo -W3   -DSQLITE_OS_WIN=1 -I. -I. -I.\src -fp:precise /d2guard4 -D_ARM_WINAPI_PARTITION_DESKTOP_SDK_AVAILABLE -MTd -I.\ext\fts3 -I.\ext\rtree -I.\ext\session -DSQLITE_ENABLE_API_ARMOR=1 -DSQLITE_DEBUG=1 -DSQLITE_FORCE_OS_TRACE=1 -DSQLITE_DEBUG_OS_TRACE=1 -D_CRT_SECURE_NO_DEPRECATE -D_CRT_SECURE_NO_WARNINGS -D_CRT_NONSTDC_NO_DEPRECATE -D_CRT_NONSTDC_NO_WARNINGS -DSQLITE_THREADSAFE=1 -DSQLITE_THREAD_OVERRIDE_LOCK=-1 -DSQLITE_TEMP_STORE=1  -DSQLITE_MAX_TRIGGER_DEPTH=100  -DSQLITE_ENABLE_FTS3=1 -DSQLITE_ENABLE_RTREE=1 -DSQLITE_ENABLE_COLUMN_METADATA=1  -DSQLITE_ENABLE_FTS4=1 -DSQLITE_SYSTEM_MALLOC=1 -DSQLITE_OMIT_LOCALTIME=1  -D_DEBUG -Od -Zi -Foutil.lo  -DSQLITE_API=__declspec(dllexport) -c .\src\util.c
  util.c
.\src\util.c(1544): warning C4098: 'sqlite3VListAppend' : fonction 'void' retournant une valeur
.\src\util.c(1543): warning C4101: 'mn' : variable locale non référencée
.\src\util.c(1562): warning C4047: 'return' : les niveaux d'indirection de 'const char *' et de 'int' sont différents
.\src\util.c(1569): warning C4047: 'return' : les niveaux d'indirection de 'const char *' et de 'int' sont différents
.\src\util.c(1577): warning C4101: 'rc' : variable locale non référencée
  	cl -nologo -W3   -DSQLITE_OS_WIN=1 -I. -I. -I.\src -fp:precise /d2guard4 -D_ARM_WINAPI_PARTITION_DESKTOP_SDK_AVAILABLE -MTd -I.\ext\fts3 -I.\ext\rtree -I.\ext\session -DSQLITE_ENABLE_API_ARMOR=1 -DSQLITE_DEBUG=1 -DSQLITE_FORCE_OS_TRACE=1 -DSQLITE_DEBUG_OS_TRACE=1 -D_CRT_SECURE_NO_DEPRECATE -D_CRT_SECURE_NO_WARNINGS -D_CRT_NONSTDC_NO_DEPRECATE -D_CRT_NONSTDC_NO_WARNINGS -DSQLITE_THREADSAFE=1 -DSQLITE_THREAD_OVERRIDE_LOCK=-1 -DSQLITE_TEMP_STORE=1  -DSQLITE_MAX_TRIGGER_DEPTH=100  -DSQLITE_ENABLE_FTS3=1 -DSQLITE_ENABLE_RTREE=1 -DSQLITE_ENABLE_COLUMN_METADATA=1  -DSQLITE_ENABLE_FTS4=1 -DSQLITE_SYSTEM_MALLOC=1 -DSQLITE_OMIT_LOCALTIME=1  -D_DEBUG -Od -Zi -Fovacuum.lo  -DSQLITE_API=__declspec(dllexport) -c .\src\vacuum.c
  vacuum.c
  	cl -nologo -W3   -DSQLITE_OS_WIN=1 -I. -I. -I.\src -fp:precise /d2guard4 -D_ARM_WINAPI_PARTITION_DESKTOP_SDK_AVAILABLE -MTd -I.\ext\fts3 -I.\ext\rtree -I.\ext\session -DSQLITE_ENABLE_API_ARMOR=1 -DSQLITE_DEBUG=1 -DSQLITE_FORCE_OS_TRACE=1 -DSQLITE_DEBUG_OS_TRACE=1 -D_CRT_SECURE_NO_DEPRECATE -D_CRT_SECURE_NO_WARNINGS -D_CRT_NONSTDC_NO_DEPRECATE -D_CRT_NONSTDC_NO_WARNINGS -DSQLITE_THREADSAFE=1 -DSQLITE_THREAD_OVERRIDE_LOCK=-1 -DSQLITE_TEMP_STORE=1  -DSQLITE_MAX_TRIGGER_DEPTH=100  -DSQLITE_ENABLE_FTS3=1 -DSQLITE_ENABLE_RTREE=1 -DSQLITE_ENABLE_COLUMN_METADATA=1  -DSQLITE_ENABLE_FTS4=1 -DSQLITE_SYSTEM_MALLOC=1 -DSQLITE_OMIT_LOCALTIME=1  -D_DEBUG -Od -Zi -Fovdbeapi.lo  -DSQLITE_API=__declspec(dllexport) -c .\src\vdbeapi.c
  vdbeapi.c
  	cl -nologo -W3   -DSQLITE_OS_WIN=1 -I. -I. -I.\src -fp:precise /d2guard4 -D_ARM_WINAPI_PARTITION_DESKTOP_SDK_AVAILABLE -MTd -I.\ext\fts3 -I.\ext\rtree -I.\ext\session -DSQLITE_ENABLE_API_ARMOR=1 -DSQLITE_DEBUG=1 -DSQLITE_FORCE_OS_TRACE=1 -DSQLITE_DEBUG_OS_TRACE=1 -D_CRT_SECURE_NO_DEPRECATE -D_CRT_SECURE_NO_WARNINGS -D_CRT_NONSTDC_NO_DEPRECATE -D_CRT_NONSTDC_NO_WARNINGS -DSQLITE_THREADSAFE=1 -DSQLITE_THREAD_OVERRIDE_LOCK=-1 -DSQLITE_TEMP_STORE=1  -DSQLITE_MAX_TRIGGER_DEPTH=100  -DSQLITE_ENABLE_FTS3=1 -DSQLITE_ENABLE_RTREE=1 -DSQLITE_ENABLE_COLUMN_METADATA=1  -DSQLITE_ENABLE_FTS4=1 -DSQLITE_SYSTEM_MALLOC=1 -DSQLITE_OMIT_LOCALTIME=1  -D_DEBUG -Od -Zi -Fovdbeaux.lo  -DSQLITE_API=__declspec(dllexport) -c .\src\vdbeaux.c
  vdbeaux.c
  	cl -nologo -W3   -DSQLITE_OS_WIN=1 -I. -I. -I.\src -fp:precise /d2guard4 -D_ARM_WINAPI_PARTITION_DESKTOP_SDK_AVAILABLE -MTd -I.\ext\fts3 -I.\ext\rtree -I.\ext\session -DSQLITE_ENABLE_API_ARMOR=1 -DSQLITE_DEBUG=1 -DSQLITE_FORCE_OS_TRACE=1 -DSQLITE_DEBUG_OS_TRACE=1 -D_CRT_SECURE_NO_DEPRECATE -D_CRT_SECURE_NO_WARNINGS -D_CRT_NONSTDC_NO_DEPRECATE -D_CRT_NONSTDC_NO_WARNINGS -DSQLITE_THREADSAFE=1 -DSQLITE_THREAD_OVERRIDE_LOCK=-1 -DSQLITE_TEMP_STORE=1  -DSQLITE_MAX_TRIGGER_DEPTH=100  -DSQLITE_ENABLE_FTS3=1 -DSQLITE_ENABLE_RTREE=1 -DSQLITE_ENABLE_COLUMN_METADATA=1  -DSQLITE_ENABLE_FTS4=1 -DSQLITE_SYSTEM_MALLOC=1 -DSQLITE_OMIT_LOCALTIME=1  -D_DEBUG -Od -Zi -Fovdbeblob.lo  -DSQLITE_API=__declspec(dllexport) -c .\src\vdbeblob.c
  vdbeblob.c
  	cl -nologo -W3   -DSQLITE_OS_WIN=1 -I. -I. -I.\src -fp:precise /d2guard4 -D_ARM_WINAPI_PARTITION_DESKTOP_SDK_AVAILABLE -MTd -I.\ext\fts3 -I.\ext\rtree -I.\ext\session -DSQLITE_ENABLE_API_ARMOR=1 -DSQLITE_DEBUG=1 -DSQLITE_FORCE_OS_TRACE=1 -DSQLITE_DEBUG_OS_TRACE=1 -D_CRT_SECURE_NO_DEPRECATE -D_CRT_SECURE_NO_WARNINGS -D_CRT_NONSTDC_NO_DEPRECATE -D_CRT_NONSTDC_NO_WARNINGS -DSQLITE_THREADSAFE=1 -DSQLITE_THREAD_OVERRIDE_LOCK=-1 -DSQLITE_TEMP_STORE=1  -DSQLITE_MAX_TRIGGER_DEPTH=100  -DSQLITE_ENABLE_FTS3=1 -DSQLITE_ENABLE_RTREE=1 -DSQLITE_ENABLE_COLUMN_METADATA=1  -DSQLITE_ENABLE_FTS4=1 -DSQLITE_SYSTEM_MALLOC=1 -DSQLITE_OMIT_LOCALTIME=1  -D_DEBUG -Od -Zi -Fovdbemem.lo  -DSQLITE_API=__declspec(dllexport) -c .\src\vdbemem.c
  vdbemem.c
.\src\vdbemem.c(292): warning C4047: '=' : les niveaux d'indirection de 'char *' et de 'int' sont différents
  	cl -nologo -W3   -DSQLITE_OS_WIN=1 -I. -I. -I.\src -fp:precise /d2guard4 -D_ARM_WINAPI_PARTITION_DESKTOP_SDK_AVAILABLE -MTd -I.\ext\fts3 -I.\ext\rtree -I.\ext\session -DSQLITE_ENABLE_API_ARMOR=1 -DSQLITE_DEBUG=1 -DSQLITE_FORCE_OS_TRACE=1 -DSQLITE_DEBUG_OS_TRACE=1 -D_CRT_SECURE_NO_DEPRECATE -D_CRT_SECURE_NO_WARNINGS -D_CRT_NONSTDC_NO_DEPRECATE -D_CRT_NONSTDC_NO_WARNINGS -DSQLITE_THREADSAFE=1 -DSQLITE_THREAD_OVERRIDE_LOCK=-1 -DSQLITE_TEMP_STORE=1  -DSQLITE_MAX_TRIGGER_DEPTH=100  -DSQLITE_ENABLE_FTS3=1 -DSQLITE_ENABLE_RTREE=1 -DSQLITE_ENABLE_COLUMN_METADATA=1  -DSQLITE_ENABLE_FTS4=1 -DSQLITE_SYSTEM_MALLOC=1 -DSQLITE_OMIT_LOCALTIME=1  -D_DEBUG -Od -Zi -Fovdbesort.lo  -DSQLITE_API=__declspec(dllexport) -c .\src\vdbesort.c
  vdbesort.c
  	cl -nologo -W3   -DSQLITE_OS_WIN=1 -I. -I. -I.\src -fp:precise /d2guard4 -D_ARM_WINAPI_PARTITION_DESKTOP_SDK_AVAILABLE -MTd -I.\ext\fts3 -I.\ext\rtree -I.\ext\session -DSQLITE_ENABLE_API_ARMOR=1 -DSQLITE_DEBUG=1 -DSQLITE_FORCE_OS_TRACE=1 -DSQLITE_DEBUG_OS_TRACE=1 -D_CRT_SECURE_NO_DEPRECATE -D_CRT_SECURE_NO_WARNINGS -D_CRT_NONSTDC_NO_DEPRECATE -D_CRT_NONSTDC_NO_WARNINGS -DSQLITE_THREADSAFE=1 -DSQLITE_THREAD_OVERRIDE_LOCK=-1 -DSQLITE_TEMP_STORE=1  -DSQLITE_MAX_TRIGGER_DEPTH=100  -DSQLITE_ENABLE_FTS3=1 -DSQLITE_ENABLE_RTREE=1 -DSQLITE_ENABLE_COLUMN_METADATA=1  -DSQLITE_ENABLE_FTS4=1 -DSQLITE_SYSTEM_MALLOC=1 -DSQLITE_OMIT_LOCALTIME=1  -D_DEBUG -Od -Zi -Fovdbetrace.lo  -DSQLITE_API=__declspec(dllexport) -c .\src\vdbetrace.c
  vdbetrace.c
  	cl -nologo -W3   -DSQLITE_OS_WIN=1 -I. -I. -I.\src -fp:precise /d2guard4 -D_ARM_WINAPI_PARTITION_DESKTOP_SDK_AVAILABLE -MTd -I.\ext\fts3 -I.\ext\rtree -I.\ext\session -DSQLITE_ENABLE_API_ARMOR=1 -DSQLITE_DEBUG=1 -DSQLITE_FORCE_OS_TRACE=1 -DSQLITE_DEBUG_OS_TRACE=1 -D_CRT_SECURE_NO_DEPRECATE -D_CRT_SECURE_NO_WARNINGS -D_CRT_NONSTDC_NO_DEPRECATE -D_CRT_NONSTDC_NO_WARNINGS -DSQLITE_THREADSAFE=1 -DSQLITE_THREAD_OVERRIDE_LOCK=-1 -DSQLITE_TEMP_STORE=1  -DSQLITE_MAX_TRIGGER_DEPTH=100  -DSQLITE_ENABLE_FTS3=1 -DSQLITE_ENABLE_RTREE=1 -DSQLITE_ENABLE_COLUMN_METADATA=1  -DSQLITE_ENABLE_FTS4=1 -DSQLITE_SYSTEM_MALLOC=1 -DSQLITE_OMIT_LOCALTIME=1  -D_DEBUG -Od -Zi -Fowal.lo  -DSQLITE_API=__declspec(dllexport) -c .\src\wal.c
  wal.c
  	cl -nologo -W3   -DSQLITE_OS_WIN=1 -I. -I. -I.\src -fp:precise /d2guard4 -D_ARM_WINAPI_PARTITION_DESKTOP_SDK_AVAILABLE -MTd -I.\ext\fts3 -I.\ext\rtree -I.\ext\session -DSQLITE_ENABLE_API_ARMOR=1 -DSQLITE_DEBUG=1 -DSQLITE_FORCE_OS_TRACE=1 -DSQLITE_DEBUG_OS_TRACE=1 -D_CRT_SECURE_NO_DEPRECATE -D_CRT_SECURE_NO_WARNINGS -D_CRT_NONSTDC_NO_DEPRECATE -D_CRT_NONSTDC_NO_WARNINGS -DSQLITE_THREADSAFE=1 -DSQLITE_THREAD_OVERRIDE_LOCK=-1 -DSQLITE_TEMP_STORE=1  -DSQLITE_MAX_TRIGGER_DEPTH=100  -DSQLITE_ENABLE_FTS3=1 -DSQLITE_ENABLE_RTREE=1 -DSQLITE_ENABLE_COLUMN_METADATA=1  -DSQLITE_ENABLE_FTS4=1 -DSQLITE_SYSTEM_MALLOC=1 -DSQLITE_OMIT_LOCALTIME=1  -D_DEBUG -Od -Zi -Fowalker.lo  -DSQLITE_API=__declspec(dllexport) -c .\src\walker.c
  walker.c
  	cl -nologo -W3   -DSQLITE_OS_WIN=1 -I. -I. -I.\src -fp:precise /d2guard4 -D_ARM_WINAPI_PARTITION_DESKTOP_SDK_AVAILABLE -MTd -I.\ext\fts3 -I.\ext\rtree -I.\ext\session -DSQLITE_ENABLE_API_ARMOR=1 -DSQLITE_DEBUG=1 -DSQLITE_FORCE_OS_TRACE=1 -DSQLITE_DEBUG_OS_TRACE=1 -D_CRT_SECURE_NO_DEPRECATE -D_CRT_SECURE_NO_WARNINGS -D_CRT_NONSTDC_NO_DEPRECATE -D_CRT_NONSTDC_NO_WARNINGS -DSQLITE_THREADSAFE=1 -DSQLITE_THREAD_OVERRIDE_LOCK=-1 -DSQLITE_TEMP_STORE=1  -DSQLITE_MAX_TRIGGER_DEPTH=100  -DSQLITE_ENABLE_FTS3=1 -DSQLITE_ENABLE_RTREE=1 -DSQLITE_ENABLE_COLUMN_METADATA=1  -DSQLITE_ENABLE_FTS4=1 -DSQLITE_SYSTEM_MALLOC=1 -DSQLITE_OMIT_LOCALTIME=1  -D_DEBUG -Od -Zi -Fowhere.lo  -DSQLITE_API=__declspec(dllexport) -c .\src\where.c
  where.c
  	cl -nologo -W3   -DSQLITE_OS_WIN=1 -I. -I. -I.\src -fp:precise /d2guard4 -D_ARM_WINAPI_PARTITION_DESKTOP_SDK_AVAILABLE -MTd -I.\ext\fts3 -I.\ext\rtree -I.\ext\session -DSQLITE_ENABLE_API_ARMOR=1 -DSQLITE_DEBUG=1 -DSQLITE_FORCE_OS_TRACE=1 -DSQLITE_DEBUG_OS_TRACE=1 -D_CRT_SECURE_NO_DEPRECATE -D_CRT_SECURE_NO_WARNINGS -D_CRT_NONSTDC_NO_DEPRECATE -D_CRT_NONSTDC_NO_WARNINGS -DSQLITE_THREADSAFE=1 -DSQLITE_THREAD_OVERRIDE_LOCK=-1 -DSQLITE_TEMP_STORE=1  -DSQLITE_MAX_TRIGGER_DEPTH=100  -DSQLITE_ENABLE_FTS3=1 -DSQLITE_ENABLE_RTREE=1 -DSQLITE_ENABLE_COLUMN_METADATA=1  -DSQLITE_ENABLE_FTS4=1 -DSQLITE_SYSTEM_MALLOC=1 -DSQLITE_OMIT_LOCALTIME=1  -D_DEBUG -Od -Zi -Fowherecode.lo  -DSQLITE_API=__declspec(dllexport) -c .\src\wherecode.c
  wherecode.c
  	cl -nologo -W3   -DSQLITE_OS_WIN=1 -I. -I. -I.\src -fp:precise /d2guard4 -D_ARM_WINAPI_PARTITION_DESKTOP_SDK_AVAILABLE -MTd -I.\ext\fts3 -I.\ext\rtree -I.\ext\session -DSQLITE_ENABLE_API_ARMOR=1 -DSQLITE_DEBUG=1 -DSQLITE_FORCE_OS_TRACE=1 -DSQLITE_DEBUG_OS_TRACE=1 -D_CRT_SECURE_NO_DEPRECATE -D_CRT_SECURE_NO_WARNINGS -D_CRT_NONSTDC_NO_DEPRECATE -D_CRT_NONSTDC_NO_WARNINGS -DSQLITE_THREADSAFE=1 -DSQLITE_THREAD_OVERRIDE_LOCK=-1 -DSQLITE_TEMP_STORE=1  -DSQLITE_MAX_TRIGGER_DEPTH=100  -DSQLITE_ENABLE_FTS3=1 -DSQLITE_ENABLE_RTREE=1 -DSQLITE_ENABLE_COLUMN_METADATA=1  -DSQLITE_ENABLE_FTS4=1 -DSQLITE_SYSTEM_MALLOC=1 -DSQLITE_OMIT_LOCALTIME=1  -D_DEBUG -Od -Zi -Fowhereexpr.lo  -DSQLITE_API=__declspec(dllexport) -c .\src\whereexpr.c
  whereexpr.c
  	cl -nologo -W3   -DSQLITE_OS_WIN=1 -I. -I. -I.\src -fp:precise /d2guard4 -D_ARM_WINAPI_PARTITION_DESKTOP_SDK_AVAILABLE -MTd -I.\ext\fts3 -I.\ext\rtree -I.\ext\session -DSQLITE_ENABLE_API_ARMOR=1 -DSQLITE_DEBUG=1 -DSQLITE_FORCE_OS_TRACE=1 -DSQLITE_DEBUG_OS_TRACE=1 -D_CRT_SECURE_NO_DEPRECATE -D_CRT_SECURE_NO_WARNINGS -D_CRT_NONSTDC_NO_DEPRECATE -D_CRT_NONSTDC_NO_WARNINGS -DSQLITE_THREADSAFE=1 -DSQLITE_THREAD_OVERRIDE_LOCK=-1 -DSQLITE_TEMP_STORE=1  -DSQLITE_MAX_TRIGGER_DEPTH=100  -DSQLITE_ENABLE_FTS3=1 -DSQLITE_ENABLE_RTREE=1 -DSQLITE_ENABLE_COLUMN_METADATA=1  -DSQLITE_ENABLE_FTS4=1 -DSQLITE_SYSTEM_MALLOC=1 -DSQLITE_OMIT_LOCALTIME=1  -D_DEBUG -Od -Zi -Foutf.lo  -DSQLITE_API=__declspec(dllexport) -c .\src\utf.c
  utf.c
  	cl -nologo -W3   -DSQLITE_OS_WIN=1 -I. -I. -I.\src -fp:precise /d2guard4 -D_ARM_WINAPI_PARTITION_DESKTOP_SDK_AVAILABLE -MTd -I.\ext\fts3 -I.\ext\rtree -I.\ext\session -DSQLITE_ENABLE_API_ARMOR=1 -DSQLITE_DEBUG=1 -DSQLITE_FORCE_OS_TRACE=1 -DSQLITE_DEBUG_OS_TRACE=1 -D_CRT_SECURE_NO_DEPRECATE -D_CRT_SECURE_NO_WARNINGS -D_CRT_NONSTDC_NO_DEPRECATE -D_CRT_NONSTDC_NO_WARNINGS -DSQLITE_THREADSAFE=1 -DSQLITE_THREAD_OVERRIDE_LOCK=-1 -DSQLITE_TEMP_STORE=1  -DSQLITE_MAX_TRIGGER_DEPTH=100  -DSQLITE_ENABLE_FTS3=1 -DSQLITE_ENABLE_RTREE=1 -DSQLITE_ENABLE_COLUMN_METADATA=1  -DSQLITE_ENABLE_FTS4=1 -DSQLITE_SYSTEM_MALLOC=1 -DSQLITE_OMIT_LOCALTIME=1  -D_DEBUG -Od -Zi -Fovtab.lo  -DSQLITE_API=__declspec(dllexport) -c .\src\vtab.c
  vtab.c
  	link.exe /DEBUG  /NOLOGO /MACHINE:x64 /DYNAMICBASE /NODEFAULTLIB:kernel32.lib mincore.lib /guard:cf "/LIBPATH:\lib\ucrt\x64" /NODEFAULTLIB:libucrtd.lib /DEFAULTLIB:ucrtd.lib  /DLL  /OUT:winsqlite3.dll vdbe.lo parse.lo alter.lo analyze.lo attach.lo auth.lo  backup.lo bitvec.lo btmutex.lo btree.lo build.lo  callback.lo complete.lo ctime.lo date.lo dbstat.lo delete.lo  expr.lo fault.lo fkey.lo  fts3.lo fts3_aux.lo fts3_expr.lo fts3_hash.lo fts3_icu.lo  fts3_porter.lo fts3_snippet.lo fts3_tokenizer.lo fts3_tokenizer1.lo  fts3_tokenize_vtab.lo fts3_unicode.lo fts3_unicode2.lo fts3_write.lo  fts5.lo  func.lo global.lo hash.lo  icu.lo insert.lo legacy.lo loadext.lo  main.lo malloc.lo mem0.lo mem1.lo mem2.lo mem3.lo mem5.lo  memjournal.lo  mutex.lo mutex_noop.lo mutex_unix.lo mutex_w32.lo  notify.lo opcodes.lo os.lo os_unix.lo os_win.lo  pager.lo pcache.lo pcache1.lo pragma.lo prepare.lo printf.lo  random.lo resolve.lo rowset.lo rtree.lo  sqlite3session.lo select.lo sqlite3rbu.lo status.lo  table.lo threads.lo tokenize.lo treeview.lo trigger.lo sp.lo  update.lo util.lo vacuum.lo  vdbeapi.lo vdbeaux.lo vdbeblob.lo vdbemem.lo vdbesort.lo  vdbetrace.lo wal.lo walker.lo where.lo wherecode.lo whereexpr.lo  utf.lo vtab.lo   
  	cl -nologo -W3   -DSQLITE_OS_WIN=1 -I. -I. -I.\src -fp:precise /d2guard4 -D_ARM_WINAPI_PARTITION_DESKTOP_SDK_AVAILABLE -MTd -I.\ext\fts3 -I.\ext\rtree -I.\ext\session -DSQLITE_ENABLE_API_ARMOR=1 -DSQLITE_DEBUG=1 -DSQLITE_FORCE_OS_TRACE=1 -DSQLITE_DEBUG_OS_TRACE=1 -D_CRT_SECURE_NO_DEPRECATE -D_CRT_SECURE_NO_WARNINGS -D_CRT_NONSTDC_NO_DEPRECATE -D_CRT_NONSTDC_NO_WARNINGS -DSQLITE_THREADSAFE=1 -DSQLITE_THREAD_OVERRIDE_LOCK=-1 -DSQLITE_TEMP_STORE=1  -DSQLITE_MAX_TRIGGER_DEPTH=100  -DSQLITE_ENABLE_FTS3=1 -DSQLITE_ENABLE_RTREE=1 -DSQLITE_ENABLE_COLUMN_METADATA=1  -DSQLITE_ENABLE_FTS4=1 -DSQLITE_SYSTEM_MALLOC=1 -DSQLITE_OMIT_LOCALTIME=1  -D_DEBUG -Od -Zi -Fewinsqlite3shell.exe  -DSQLITE_API=__declspec(dllimport) -DHAVE_READLINE=0 .\src\shell.c   /link /pdb:winsqlite3sh.pdb /DEBUG  /NOLOGO /MACHINE:x64 /DYNAMICBASE /NODEFAULTLIB:kernel32.lib mincore.lib /guard:cf "/LIBPATH:\lib\ucrt\x64" /NODEFAULTLIB:libucrtd.lib /DEFAULTLIB:ucrtd.lib winsqlite3.lib     
  shell.c
